info: GET:http://localhost:4000/users 200 body:{} params:{} query:{}
info: POST:http://localhost:4000/users 201 body:{"name":"TEST_USER","login":"test_user","password":"T35t_P@55w0rd"} params:{} query:{}
info: POST:http://localhost:4000/users 201 body:{"name":"TEST_USER","login":"test_user","password":"T35t_P@55w0rd"} params:{} query:{}
info: GET:http://localhost:4000/users/deac0899-1fde-4d6d-b474-6947603726e0 200 body:{} params:{"userId":"deac0899-1fde-4d6d-b474-6947603726e0"} query:{}
info: POST:http://localhost:4000/users 201 body:{"name":"TEST_USER","login":"test_user","password":"T35t_P@55w0rd"} params:{} query:{}
info: POST:http://localhost:4000/users 201 body:{"name":"TEST_USER","login":"test_user","password":"T35t_P@55w0rd"} params:{} query:{}
info: POST:http://localhost:4000/users 201 body:{"name":"TEST_USER","login":"test_user","password":"T35t_P@55w0rd"} params:{} query:{}
info: POST:http://localhost:4000/users 201 body:{"name":"TEST_USER","login":"test_user","password":"T35t_P@55w0rd"} params:{} query:{}
info: PUT:http://localhost:4000/users/9d6a44b8-e7e6-43d7-a749-65c241df0f37 200 body:{"name":"Autotest updated TEST_USER","login":"test_user","password":"T35t_P@55w0rd","id":"9d6a44b8-e7e6-43d7-a749-65c241df0f37"} params:{"userId":"9d6a44b8-e7e6-43d7-a749-65c241df0f37"} query:{}
info: PUT:http://localhost:4000/users/9d6a44b8-e7e6-43d7-a749-65c241df0f37 200 body:{"name":"Autotest updated TEST_USER","login":"test_user","password":"T35t_P@55w0rd","id":"9d6a44b8-e7e6-43d7-a749-65c241df0f37"} params:{"userId":"9d6a44b8-e7e6-43d7-a749-65c241df0f37"} query:{}
info: GET:http://localhost:4000/users/9d6a44b8-e7e6-43d7-a749-65c241df0f37 200 body:{} params:{"userId":"9d6a44b8-e7e6-43d7-a749-65c241df0f37"} query:{}
info: POST:http://localhost:4000/users 201 body:{"name":"TEST_USER","login":"test_user","password":"T35t_P@55w0rd"} params:{} query:{}
info: POST:http://localhost:4000/users 201 body:{"name":"TEST_USER","login":"test_user","password":"T35t_P@55w0rd"} params:{} query:{}
info: POST:http://localhost:4000/users 201 body:{"name":"TEST_USER","login":"test_user","password":"T35t_P@55w0rd"} params:{} query:{}
info: POST:http://localhost:4000/users 201 body:{"name":"TEST_USER","login":"test_user","password":"T35t_P@55w0rd"} params:{} query:{}
info: POST:http://localhost:4000/boards 201 body:{"title":"Autotest board","columns":[{"title":"Backlog","order":1},{"title":"Sprint","order":2}]} params:{} query:{}
info: POST:http://localhost:4000/boards 201 body:{"title":"Autotest board","columns":[{"title":"Backlog","order":1},{"title":"Sprint","order":2}]} params:{} query:{}
info: POST:http://localhost:4000/boards/114058e4-b94a-4693-b76d-f8f5b2b63dd6/tasks 201 body:{"title":"Task #2","order":2,"description":"Lorem ipsum","userId":"86eb8723-654f-43b5-85c0-5d77a2e2bde9","boardId":"114058e4-b94a-4693-b76d-f8f5b2b63dd6"} params:{"boardId":"114058e4-b94a-4693-b76d-f8f5b2b63dd6"} query:{}
info: POST:http://localhost:4000/boards/114058e4-b94a-4693-b76d-f8f5b2b63dd6/tasks 201 body:{"title":"Task #2","order":2,"description":"Lorem ipsum","userId":"86eb8723-654f-43b5-85c0-5d77a2e2bde9","boardId":"114058e4-b94a-4693-b76d-f8f5b2b63dd6"} params:{"boardId":"114058e4-b94a-4693-b76d-f8f5b2b63dd6"} query:{}
info: POST:http://localhost:4000/boards/114058e4-b94a-4693-b76d-f8f5b2b63dd6/tasks 201 body:{"title":"Task #1","order":1,"description":"Lorem ipsum","userId":"86eb8723-654f-43b5-85c0-5d77a2e2bde9","boardId":"114058e4-b94a-4693-b76d-f8f5b2b63dd6"} params:{"boardId":"114058e4-b94a-4693-b76d-f8f5b2b63dd6"} query:{}
info: POST:http://localhost:4000/boards/114058e4-b94a-4693-b76d-f8f5b2b63dd6/tasks 201 body:{"title":"Task #1","order":1,"description":"Lorem ipsum","userId":"86eb8723-654f-43b5-85c0-5d77a2e2bde9","boardId":"114058e4-b94a-4693-b76d-f8f5b2b63dd6"} params:{"boardId":"114058e4-b94a-4693-b76d-f8f5b2b63dd6"} query:{}
info: POST:http://localhost:4000/boards 201 body:{"title":"Autotest board","columns":[{"title":"Backlog","order":1},{"title":"Sprint","order":2}]} params:{} query:{}
info: POST:http://localhost:4000/boards 201 body:{"title":"Autotest board","columns":[{"title":"Backlog","order":1},{"title":"Sprint","order":2}]} params:{} query:{}
info: POST:http://localhost:4000/boards/e4dce215-a3e8-4d77-a6d3-8fbefd88eb47/tasks 201 body:{"title":"Autotest task","order":0,"description":"Lorem ipsum","userId":null,"boardId":null,"columnId":null} params:{"boardId":"e4dce215-a3e8-4d77-a6d3-8fbefd88eb47"} query:{}
info: POST:http://localhost:4000/boards/e4dce215-a3e8-4d77-a6d3-8fbefd88eb47/tasks 201 body:{"title":"Autotest task","order":0,"description":"Lorem ipsum","userId":null,"boardId":null,"columnId":null} params:{"boardId":"e4dce215-a3e8-4d77-a6d3-8fbefd88eb47"} query:{}
info: GET:http://localhost:4000/boards/e4dce215-a3e8-4d77-a6d3-8fbefd88eb47/tasks 200 body:{} params:{"boardId":"e4dce215-a3e8-4d77-a6d3-8fbefd88eb47"} query:{}
info: GET:http://localhost:4000/boards/e4dce215-a3e8-4d77-a6d3-8fbefd88eb47/tasks 200 body:{} params:{"boardId":"e4dce215-a3e8-4d77-a6d3-8fbefd88eb47"} query:{}
info: GET:http://localhost:4000/boards/e4dce215-a3e8-4d77-a6d3-8fbefd88eb47/tasks/c8f74de3-4063-4591-833c-c46ea6c9f4eb 200 body:{} params:{"boardId":"e4dce215-a3e8-4d77-a6d3-8fbefd88eb47","taskId":"c8f74de3-4063-4591-833c-c46ea6c9f4eb"} query:{}
info: POST:http://localhost:4000/boards/e4dce215-a3e8-4d77-a6d3-8fbefd88eb47/tasks 201 body:{"title":"Autotest task","order":0,"description":"Lorem ipsum","userId":null,"boardId":null,"columnId":null} params:{"boardId":"e4dce215-a3e8-4d77-a6d3-8fbefd88eb47"} query:{}
info: POST:http://localhost:4000/boards/e4dce215-a3e8-4d77-a6d3-8fbefd88eb47/tasks 201 body:{"title":"Autotest task","order":0,"description":"Lorem ipsum","userId":null,"boardId":null,"columnId":null} params:{"boardId":"e4dce215-a3e8-4d77-a6d3-8fbefd88eb47"} query:{}
info: DELETE:http://localhost:4000/boards/e4dce215-a3e8-4d77-a6d3-8fbefd88eb47/tasks/98ccc35f-84dd-436e-96b1-b178a58b7108 204 body:{} params:{"boardId":"e4dce215-a3e8-4d77-a6d3-8fbefd88eb47","taskId":"98ccc35f-84dd-436e-96b1-b178a58b7108"} query:{}
info: DELETE:http://localhost:4000/boards/e4dce215-a3e8-4d77-a6d3-8fbefd88eb47/tasks/98ccc35f-84dd-436e-96b1-b178a58b7108 204 body:{} params:{"boardId":"e4dce215-a3e8-4d77-a6d3-8fbefd88eb47","taskId":"98ccc35f-84dd-436e-96b1-b178a58b7108"} query:{}
info: DELETE:http://localhost:4000/boards/e4dce215-a3e8-4d77-a6d3-8fbefd88eb47/tasks/98ccc35f-84dd-436e-96b1-b178a58b7108 204 body:{} params:{"boardId":"e4dce215-a3e8-4d77-a6d3-8fbefd88eb47","taskId":"98ccc35f-84dd-436e-96b1-b178a58b7108"} query:{}
info: POST:http://localhost:4000/boards/e4dce215-a3e8-4d77-a6d3-8fbefd88eb47/tasks 201 body:{"title":"Autotest task","order":0,"description":"Lorem ipsum","userId":null,"boardId":null,"columnId":null} params:{"boardId":"e4dce215-a3e8-4d77-a6d3-8fbefd88eb47"} query:{}
info: POST:http://localhost:4000/boards/e4dce215-a3e8-4d77-a6d3-8fbefd88eb47/tasks 201 body:{"title":"Autotest task","order":0,"description":"Lorem ipsum","userId":null,"boardId":null,"columnId":null} params:{"boardId":"e4dce215-a3e8-4d77-a6d3-8fbefd88eb47"} query:{}
info: PUT:http://localhost:4000/boards/e4dce215-a3e8-4d77-a6d3-8fbefd88eb47/tasks/6a29df54-2743-4008-bfe6-59aec06e2ba7 200 body:{"id":"6a29df54-2743-4008-bfe6-59aec06e2ba7","title":"Autotest updated task","order":0,"description":"Lorem ipsum","userId":null,"boardId":"e4dce215-a3e8-4d77-a6d3-8fbefd88eb47","columnId":null} params:{"boardId":"e4dce215-a3e8-4d77-a6d3-8fbefd88eb47","taskId":"6a29df54-2743-4008-bfe6-59aec06e2ba7"} query:{}
info: PUT:http://localhost:4000/boards/e4dce215-a3e8-4d77-a6d3-8fbefd88eb47/tasks/6a29df54-2743-4008-bfe6-59aec06e2ba7 200 body:{"id":"6a29df54-2743-4008-bfe6-59aec06e2ba7","title":"Autotest updated task","order":0,"description":"Lorem ipsum","userId":null,"boardId":"e4dce215-a3e8-4d77-a6d3-8fbefd88eb47","columnId":null} params:{"boardId":"e4dce215-a3e8-4d77-a6d3-8fbefd88eb47","taskId":"6a29df54-2743-4008-bfe6-59aec06e2ba7"} query:{}
info: GET:http://localhost:4000/boards/e4dce215-a3e8-4d77-a6d3-8fbefd88eb47/tasks/6a29df54-2743-4008-bfe6-59aec06e2ba7 200 body:{} params:{"boardId":"e4dce215-a3e8-4d77-a6d3-8fbefd88eb47","taskId":"6a29df54-2743-4008-bfe6-59aec06e2ba7"} query:{}
info: GET:http://localhost:4000/boards/e4dce215-a3e8-4d77-a6d3-8fbefd88eb47/tasks/c8f74de3-4063-4591-833c-c46ea6c9f4eb 200 body:{} params:{"boardId":"e4dce215-a3e8-4d77-a6d3-8fbefd88eb47","taskId":"c8f74de3-4063-4591-833c-c46ea6c9f4eb"} query:{}
info: DELETE:http://localhost:4000/boards/e4dce215-a3e8-4d77-a6d3-8fbefd88eb47/tasks/c8f74de3-4063-4591-833c-c46ea6c9f4eb 204 body:{} params:{"boardId":"e4dce215-a3e8-4d77-a6d3-8fbefd88eb47","taskId":"c8f74de3-4063-4591-833c-c46ea6c9f4eb"} query:{}
info: DELETE:http://localhost:4000/boards/e4dce215-a3e8-4d77-a6d3-8fbefd88eb47/tasks/c8f74de3-4063-4591-833c-c46ea6c9f4eb 204 body:{} params:{"boardId":"e4dce215-a3e8-4d77-a6d3-8fbefd88eb47","taskId":"c8f74de3-4063-4591-833c-c46ea6c9f4eb"} query:{}
info: DELETE:http://localhost:4000/boards/e4dce215-a3e8-4d77-a6d3-8fbefd88eb47/tasks/c8f74de3-4063-4591-833c-c46ea6c9f4eb 204 body:{} params:{"boardId":"e4dce215-a3e8-4d77-a6d3-8fbefd88eb47","taskId":"c8f74de3-4063-4591-833c-c46ea6c9f4eb"} query:{}
error: GET:http://localhost:4000/boards/e4dce215-a3e8-4d77-a6d3-8fbefd88eb47/tasks/c8f74de3-4063-4591-833c-c46ea6c9f4eb 404 message:Task with id: c8f74de3-4063-4591-833c-c46ea6c9f4eb not found
info: GET:http://localhost:4000/boards/e4dce215-a3e8-4d77-a6d3-8fbefd88eb47/tasks/c8f74de3-4063-4591-833c-c46ea6c9f4eb 404 body:{} params:{"boardId":"e4dce215-a3e8-4d77-a6d3-8fbefd88eb47","taskId":"c8f74de3-4063-4591-833c-c46ea6c9f4eb"} query:{}
info: DELETE:http://localhost:4000/boards/e4dce215-a3e8-4d77-a6d3-8fbefd88eb47 204 body:{} params:{"boardId":"e4dce215-a3e8-4d77-a6d3-8fbefd88eb47"} query:{}
info: DELETE:http://localhost:4000/boards/e4dce215-a3e8-4d77-a6d3-8fbefd88eb47 204 body:{} params:{"boardId":"e4dce215-a3e8-4d77-a6d3-8fbefd88eb47"} query:{}
info: DELETE:http://localhost:4000/boards/e4dce215-a3e8-4d77-a6d3-8fbefd88eb47 204 body:{} params:{"boardId":"e4dce215-a3e8-4d77-a6d3-8fbefd88eb47"} query:{}
info: POST:http://localhost:4000/boards 201 body:{"title":"Autotest board","columns":[{"title":"Backlog","order":1},{"title":"Sprint","order":2}]} params:{} query:{}
info: POST:http://localhost:4000/boards 201 body:{"title":"Autotest board","columns":[{"title":"Backlog","order":1},{"title":"Sprint","order":2}]} params:{} query:{}
info: GET:http://localhost:4000/boards 200 body:{} params:{} query:{}
info: GET:http://localhost:4000/boards 200 body:{} params:{} query:{}
info: GET:http://localhost:4000/boards/2fc3256d-88cb-4aed-875e-d7dc9550256c 200 body:{} params:{"boardId":"2fc3256d-88cb-4aed-875e-d7dc9550256c"} query:{}
info: POST:http://localhost:4000/boards 201 body:{"title":"Autotest board","columns":[{"title":"Backlog","order":1},{"title":"Sprint","order":2}]} params:{} query:{}
info: POST:http://localhost:4000/boards 201 body:{"title":"Autotest board","columns":[{"title":"Backlog","order":1},{"title":"Sprint","order":2}]} params:{} query:{}
info: DELETE:http://localhost:4000/boards/481f9c5f-6428-404b-86cc-52c6f31c424b 204 body:{} params:{"boardId":"481f9c5f-6428-404b-86cc-52c6f31c424b"} query:{}
info: DELETE:http://localhost:4000/boards/481f9c5f-6428-404b-86cc-52c6f31c424b 204 body:{} params:{"boardId":"481f9c5f-6428-404b-86cc-52c6f31c424b"} query:{}
info: DELETE:http://localhost:4000/boards/481f9c5f-6428-404b-86cc-52c6f31c424b 204 body:{} params:{"boardId":"481f9c5f-6428-404b-86cc-52c6f31c424b"} query:{}
info: POST:http://localhost:4000/boards 201 body:{"title":"Autotest board","columns":[{"title":"Backlog","order":1},{"title":"Sprint","order":2}]} params:{} query:{}
info: POST:http://localhost:4000/boards 201 body:{"title":"Autotest board","columns":[{"title":"Backlog","order":1},{"title":"Sprint","order":2}]} params:{} query:{}
info: PUT:http://localhost:4000/boards/602eb9f2-05e3-4b0c-a3ec-031913a84cb5 200 body:{"id":"602eb9f2-05e3-4b0c-a3ec-031913a84cb5","title":"Autotest updated board","columns":[{"title":"Backlog","order":1,"id":"5c9fa7dc-7a8e-4560-a766-b2eb27edda17"},{"title":"Sprint","order":2,"id":"5479fc4f-6ca9-4f6a-9d0a-8d32447352cc"}]} params:{"boardId":"602eb9f2-05e3-4b0c-a3ec-031913a84cb5"} query:{}
info: PUT:http://localhost:4000/boards/602eb9f2-05e3-4b0c-a3ec-031913a84cb5 200 body:{"id":"602eb9f2-05e3-4b0c-a3ec-031913a84cb5","title":"Autotest updated board","columns":[{"title":"Backlog","order":1,"id":"5c9fa7dc-7a8e-4560-a766-b2eb27edda17"},{"title":"Sprint","order":2,"id":"5479fc4f-6ca9-4f6a-9d0a-8d32447352cc"}]} params:{"boardId":"602eb9f2-05e3-4b0c-a3ec-031913a84cb5"} query:{}
info: GET:http://localhost:4000/boards/602eb9f2-05e3-4b0c-a3ec-031913a84cb5 200 body:{} params:{"boardId":"602eb9f2-05e3-4b0c-a3ec-031913a84cb5"} query:{}
info: DELETE:http://localhost:4000/boards/602eb9f2-05e3-4b0c-a3ec-031913a84cb5 204 body:{} params:{"boardId":"602eb9f2-05e3-4b0c-a3ec-031913a84cb5"} query:{}
info: DELETE:http://localhost:4000/boards/602eb9f2-05e3-4b0c-a3ec-031913a84cb5 204 body:{} params:{"boardId":"602eb9f2-05e3-4b0c-a3ec-031913a84cb5"} query:{}
info: DELETE:http://localhost:4000/boards/602eb9f2-05e3-4b0c-a3ec-031913a84cb5 204 body:{} params:{"boardId":"602eb9f2-05e3-4b0c-a3ec-031913a84cb5"} query:{}
info: POST:http://localhost:4000/boards 201 body:{"title":"Autotest board","columns":[{"title":"Backlog","order":1},{"title":"Sprint","order":2}]} params:{} query:{}
info: POST:http://localhost:4000/boards 201 body:{"title":"Autotest board","columns":[{"title":"Backlog","order":1},{"title":"Sprint","order":2}]} params:{} query:{}
info: DELETE:http://localhost:4000/boards/5616664a-a735-4d11-ac70-ce23e7b5bae7 204 body:{} params:{"boardId":"5616664a-a735-4d11-ac70-ce23e7b5bae7"} query:{}
info: DELETE:http://localhost:4000/boards/5616664a-a735-4d11-ac70-ce23e7b5bae7 204 body:{} params:{"boardId":"5616664a-a735-4d11-ac70-ce23e7b5bae7"} query:{}
info: DELETE:http://localhost:4000/boards/5616664a-a735-4d11-ac70-ce23e7b5bae7 204 body:{} params:{"boardId":"5616664a-a735-4d11-ac70-ce23e7b5bae7"} query:{}
error: GET:http://localhost:4000/boards/5616664a-a735-4d11-ac70-ce23e7b5bae7 404 message:Board with id: 5616664a-a735-4d11-ac70-ce23e7b5bae7 not found
info: GET:http://localhost:4000/boards/5616664a-a735-4d11-ac70-ce23e7b5bae7 404 body:{} params:{"boardId":"5616664a-a735-4d11-ac70-ce23e7b5bae7"} query:{}
info: POST:http://localhost:4000/boards 201 body:{"title":"Autotest board","columns":[{"title":"Backlog","order":1},{"title":"Sprint","order":2}]} params:{} query:{}
info: POST:http://localhost:4000/boards 201 body:{"title":"Autotest board","columns":[{"title":"Backlog","order":1},{"title":"Sprint","order":2}]} params:{} query:{}
info: POST:http://localhost:4000/boards/ee9c3a71-0da6-4346-9d29-cd9e9287f602/tasks 201 body:{"title":"Task #1","order":1,"description":"Lorem ipsum","boardId":"ee9c3a71-0da6-4346-9d29-cd9e9287f602","userId":null,"columnId":null} params:{"boardId":"ee9c3a71-0da6-4346-9d29-cd9e9287f602"} query:{}
info: POST:http://localhost:4000/boards/ee9c3a71-0da6-4346-9d29-cd9e9287f602/tasks 201 body:{"title":"Task #1","order":1,"description":"Lorem ipsum","boardId":"ee9c3a71-0da6-4346-9d29-cd9e9287f602","userId":null,"columnId":null} params:{"boardId":"ee9c3a71-0da6-4346-9d29-cd9e9287f602"} query:{}
info: POST:http://localhost:4000/boards/ee9c3a71-0da6-4346-9d29-cd9e9287f602/tasks 201 body:{"title":"Task #2","order":2,"description":"Lorem ipsum","boardId":"ee9c3a71-0da6-4346-9d29-cd9e9287f602","userId":null,"columnId":null} params:{"boardId":"ee9c3a71-0da6-4346-9d29-cd9e9287f602"} query:{}
info: POST:http://localhost:4000/boards/ee9c3a71-0da6-4346-9d29-cd9e9287f602/tasks 201 body:{"title":"Task #2","order":2,"description":"Lorem ipsum","boardId":"ee9c3a71-0da6-4346-9d29-cd9e9287f602","userId":null,"columnId":null} params:{"boardId":"ee9c3a71-0da6-4346-9d29-cd9e9287f602"} query:{}
info: POST:http://localhost:4000/boards/ee9c3a71-0da6-4346-9d29-cd9e9287f602/tasks 201 body:{"title":"Task #5","order":5,"description":"Lorem ipsum","boardId":"ee9c3a71-0da6-4346-9d29-cd9e9287f602","userId":null,"columnId":null} params:{"boardId":"ee9c3a71-0da6-4346-9d29-cd9e9287f602"} query:{}
info: POST:http://localhost:4000/boards/ee9c3a71-0da6-4346-9d29-cd9e9287f602/tasks 201 body:{"title":"Task #5","order":5,"description":"Lorem ipsum","boardId":"ee9c3a71-0da6-4346-9d29-cd9e9287f602","userId":null,"columnId":null} params:{"boardId":"ee9c3a71-0da6-4346-9d29-cd9e9287f602"} query:{}
info: POST:http://localhost:4000/boards/ee9c3a71-0da6-4346-9d29-cd9e9287f602/tasks 201 body:{"title":"Task #3","order":3,"description":"Lorem ipsum","boardId":"ee9c3a71-0da6-4346-9d29-cd9e9287f602","userId":null,"columnId":null} params:{"boardId":"ee9c3a71-0da6-4346-9d29-cd9e9287f602"} query:{}
info: POST:http://localhost:4000/boards/ee9c3a71-0da6-4346-9d29-cd9e9287f602/tasks 201 body:{"title":"Task #3","order":3,"description":"Lorem ipsum","boardId":"ee9c3a71-0da6-4346-9d29-cd9e9287f602","userId":null,"columnId":null} params:{"boardId":"ee9c3a71-0da6-4346-9d29-cd9e9287f602"} query:{}
info: POST:http://localhost:4000/boards/ee9c3a71-0da6-4346-9d29-cd9e9287f602/tasks 201 body:{"title":"Task #4","order":4,"description":"Lorem ipsum","boardId":"ee9c3a71-0da6-4346-9d29-cd9e9287f602","userId":null,"columnId":null} params:{"boardId":"ee9c3a71-0da6-4346-9d29-cd9e9287f602"} query:{}
info: POST:http://localhost:4000/boards/ee9c3a71-0da6-4346-9d29-cd9e9287f602/tasks 201 body:{"title":"Task #4","order":4,"description":"Lorem ipsum","boardId":"ee9c3a71-0da6-4346-9d29-cd9e9287f602","userId":null,"columnId":null} params:{"boardId":"ee9c3a71-0da6-4346-9d29-cd9e9287f602"} query:{}
info: GET:http://localhost:4000/boards/ee9c3a71-0da6-4346-9d29-cd9e9287f602/tasks/4c80b80a-760c-48b4-afb9-f4843d425ea4 200 body:{} params:{"boardId":"ee9c3a71-0da6-4346-9d29-cd9e9287f602","taskId":"4c80b80a-760c-48b4-afb9-f4843d425ea4"} query:{}
info: GET:http://localhost:4000/boards/ee9c3a71-0da6-4346-9d29-cd9e9287f602/tasks/8db0bbdc-d288-47c5-8057-f264ab874424 200 body:{} params:{"boardId":"ee9c3a71-0da6-4346-9d29-cd9e9287f602","taskId":"8db0bbdc-d288-47c5-8057-f264ab874424"} query:{}
info: GET:http://localhost:4000/boards/ee9c3a71-0da6-4346-9d29-cd9e9287f602/tasks/5f7879e7-b67b-4617-b5a9-5faa91fcb8f6 200 body:{} params:{"boardId":"ee9c3a71-0da6-4346-9d29-cd9e9287f602","taskId":"5f7879e7-b67b-4617-b5a9-5faa91fcb8f6"} query:{}
info: GET:http://localhost:4000/boards/ee9c3a71-0da6-4346-9d29-cd9e9287f602/tasks/87ce8a6d-b347-4c80-93d8-097a3275e162 200 body:{} params:{"boardId":"ee9c3a71-0da6-4346-9d29-cd9e9287f602","taskId":"87ce8a6d-b347-4c80-93d8-097a3275e162"} query:{}
info: GET:http://localhost:4000/boards/ee9c3a71-0da6-4346-9d29-cd9e9287f602/tasks/adde900a-5fb7-4f68-b40a-923511370e7f 200 body:{} params:{"boardId":"ee9c3a71-0da6-4346-9d29-cd9e9287f602","taskId":"adde900a-5fb7-4f68-b40a-923511370e7f"} query:{}
info: DELETE:http://localhost:4000/boards/ee9c3a71-0da6-4346-9d29-cd9e9287f602 204 body:{} params:{"boardId":"ee9c3a71-0da6-4346-9d29-cd9e9287f602"} query:{}
info: DELETE:http://localhost:4000/boards/ee9c3a71-0da6-4346-9d29-cd9e9287f602 204 body:{} params:{"boardId":"ee9c3a71-0da6-4346-9d29-cd9e9287f602"} query:{}
info: DELETE:http://localhost:4000/boards/ee9c3a71-0da6-4346-9d29-cd9e9287f602 204 body:{} params:{"boardId":"ee9c3a71-0da6-4346-9d29-cd9e9287f602"} query:{}
error: GET:http://localhost:4000/boards/ee9c3a71-0da6-4346-9d29-cd9e9287f602/tasks/4c80b80a-760c-48b4-afb9-f4843d425ea4 404 message:Task with id: 4c80b80a-760c-48b4-afb9-f4843d425ea4 not found
info: GET:http://localhost:4000/boards/ee9c3a71-0da6-4346-9d29-cd9e9287f602/tasks/4c80b80a-760c-48b4-afb9-f4843d425ea4 404 body:{} params:{"boardId":"ee9c3a71-0da6-4346-9d29-cd9e9287f602","taskId":"4c80b80a-760c-48b4-afb9-f4843d425ea4"} query:{}
error: GET:http://localhost:4000/boards/ee9c3a71-0da6-4346-9d29-cd9e9287f602/tasks/8db0bbdc-d288-47c5-8057-f264ab874424 404 message:Task with id: 8db0bbdc-d288-47c5-8057-f264ab874424 not found
info: GET:http://localhost:4000/boards/ee9c3a71-0da6-4346-9d29-cd9e9287f602/tasks/8db0bbdc-d288-47c5-8057-f264ab874424 404 body:{} params:{"boardId":"ee9c3a71-0da6-4346-9d29-cd9e9287f602","taskId":"8db0bbdc-d288-47c5-8057-f264ab874424"} query:{}
error: GET:http://localhost:4000/boards/ee9c3a71-0da6-4346-9d29-cd9e9287f602/tasks/5f7879e7-b67b-4617-b5a9-5faa91fcb8f6 404 message:Task with id: 5f7879e7-b67b-4617-b5a9-5faa91fcb8f6 not found
info: GET:http://localhost:4000/boards/ee9c3a71-0da6-4346-9d29-cd9e9287f602/tasks/5f7879e7-b67b-4617-b5a9-5faa91fcb8f6 404 body:{} params:{"boardId":"ee9c3a71-0da6-4346-9d29-cd9e9287f602","taskId":"5f7879e7-b67b-4617-b5a9-5faa91fcb8f6"} query:{}
error: GET:http://localhost:4000/boards/ee9c3a71-0da6-4346-9d29-cd9e9287f602/tasks/87ce8a6d-b347-4c80-93d8-097a3275e162 404 message:Task with id: 87ce8a6d-b347-4c80-93d8-097a3275e162 not found
info: GET:http://localhost:4000/boards/ee9c3a71-0da6-4346-9d29-cd9e9287f602/tasks/87ce8a6d-b347-4c80-93d8-097a3275e162 404 body:{} params:{"boardId":"ee9c3a71-0da6-4346-9d29-cd9e9287f602","taskId":"87ce8a6d-b347-4c80-93d8-097a3275e162"} query:{}
error: GET:http://localhost:4000/boards/ee9c3a71-0da6-4346-9d29-cd9e9287f602/tasks/adde900a-5fb7-4f68-b40a-923511370e7f 404 message:Task with id: adde900a-5fb7-4f68-b40a-923511370e7f not found
info: GET:http://localhost:4000/boards/ee9c3a71-0da6-4346-9d29-cd9e9287f602/tasks/adde900a-5fb7-4f68-b40a-923511370e7f 404 body:{} params:{"boardId":"ee9c3a71-0da6-4346-9d29-cd9e9287f602","taskId":"adde900a-5fb7-4f68-b40a-923511370e7f"} query:{}
info: DELETE:http://localhost:4000/boards/2fc3256d-88cb-4aed-875e-d7dc9550256c 204 body:{} params:{"boardId":"2fc3256d-88cb-4aed-875e-d7dc9550256c"} query:{}
info: DELETE:http://localhost:4000/boards/2fc3256d-88cb-4aed-875e-d7dc9550256c 204 body:{} params:{"boardId":"2fc3256d-88cb-4aed-875e-d7dc9550256c"} query:{}
info: DELETE:http://localhost:4000/boards/2fc3256d-88cb-4aed-875e-d7dc9550256c 204 body:{} params:{"boardId":"2fc3256d-88cb-4aed-875e-d7dc9550256c"} query:{}
info: POST:http://localhost:4000/users 201 body:{"name":"string","login":"string","password":"string"} params:{} query:{}
info: POST:http://localhost:4000/users 201 body:{"name":"string","login":"string","password":"string"} params:{} query:{}
info: GET:http://localhost:4000/users/906386f1-eb77-40a0-939b-71a87de014d3 200 body:{} params:{"userId":"906386f1-eb77-40a0-939b-71a87de014d3"} query:{}
info: PUT:http://localhost:4000/users/906386f1-eb77-40a0-939b-71a87de014d3 200 body:{"name":"2","login":"string","password":"string"} params:{"userId":"906386f1-eb77-40a0-939b-71a87de014d3"} query:{}
info: PUT:http://localhost:4000/users/906386f1-eb77-40a0-939b-71a87de014d3 200 body:{"name":"2","login":"string","password":"string"} params:{"userId":"906386f1-eb77-40a0-939b-71a87de014d3"} query:{}
info: GET:http://localhost:4000/users 200 body:{} params:{} query:{}
info: DELETE:http://localhost:4000/users/906386f1-eb77-40a0-939b-71a87de014d3 200 body:{} params:{"userId":"906386f1-eb77-40a0-939b-71a87de014d3"} query:{}
info: DELETE:http://localhost:4000/users/906386f1-eb77-40a0-939b-71a87de014d3 200 body:{} params:{"userId":"906386f1-eb77-40a0-939b-71a87de014d3"} query:{}
info: DELETE:http://localhost:4000/users/906386f1-eb77-40a0-939b-71a87de014d3 200 body:{} params:{"userId":"906386f1-eb77-40a0-939b-71a87de014d3"} query:{}
info: POST:http://localhost:4000/users 201 body:{"name":"string","login":"string","password":"string"} params:{} query:{}
info: POST:http://localhost:4000/users 201 body:{"name":"string","login":"string","password":"string"} params:{} query:{}
info: POST:http://localhost:4000/users 201 body:{"name":"string","login":"string","password":"string"} params:{} query:{}
info: POST:http://localhost:4000/users 201 body:{"name":"string","login":"string","password":"string"} params:{} query:{}
info: POST:http://localhost:4000/users 201 body:{"name":"string","login":"string","password":"string"} params:{} query:{}
info: POST:http://localhost:4000/users 201 body:{"name":"string","login":"string","password":"string"} params:{} query:{}
info: GET:http://localhost:4000/users 200 body:{} params:{} query:{}
info: POST:http://localhost:4000/users 201 body:{"name":"string","login":"string","password":"string"} params:{} query:{}
info: POST:http://localhost:4000/users 201 body:{"name":"string","login":"string","password":"string"} params:{} query:{}
info: DELETE:http://localhost:4000/users/77c0225f-7c80-445c-ad5a-8d8d305cd9c4 204 body:{} params:{"userId":"77c0225f-7c80-445c-ad5a-8d8d305cd9c4"} query:{}
info: DELETE:http://localhost:4000/users/77c0225f-7c80-445c-ad5a-8d8d305cd9c4 204 body:{} params:{"userId":"77c0225f-7c80-445c-ad5a-8d8d305cd9c4"} query:{}
info: DELETE:http://localhost:4000/users/77c0225f-7c80-445c-ad5a-8d8d305cd9c4 204 body:{} params:{"userId":"77c0225f-7c80-445c-ad5a-8d8d305cd9c4"} query:{}
info: GET:http://localhost:4000/users 200 body:{} params:{} query:{}
info: POST:http://localhost:4000/users 201 body:{"name":"TEST_USER","login":"test_user","password":"T35t_P@55w0rd"} params:{} query:{}
info: POST:http://localhost:4000/users 201 body:{"name":"TEST_USER","login":"test_user","password":"T35t_P@55w0rd"} params:{} query:{}
info: GET:http://localhost:4000/users/9672d6c4-fc31-4bc9-9eb4-b067d7f8b6d8 200 body:{} params:{"userId":"9672d6c4-fc31-4bc9-9eb4-b067d7f8b6d8"} query:{}
info: DELETE:http://localhost:4000/users/9672d6c4-fc31-4bc9-9eb4-b067d7f8b6d8 204 body:{} params:{"userId":"9672d6c4-fc31-4bc9-9eb4-b067d7f8b6d8"} query:{}
info: DELETE:http://localhost:4000/users/9672d6c4-fc31-4bc9-9eb4-b067d7f8b6d8 204 body:{} params:{"userId":"9672d6c4-fc31-4bc9-9eb4-b067d7f8b6d8"} query:{}
info: DELETE:http://localhost:4000/users/9672d6c4-fc31-4bc9-9eb4-b067d7f8b6d8 204 body:{} params:{"userId":"9672d6c4-fc31-4bc9-9eb4-b067d7f8b6d8"} query:{}
info: POST:http://localhost:4000/users 201 body:{"name":"TEST_USER","login":"test_user","password":"T35t_P@55w0rd"} params:{} query:{}
info: POST:http://localhost:4000/users 201 body:{"name":"TEST_USER","login":"test_user","password":"T35t_P@55w0rd"} params:{} query:{}
info: DELETE:http://localhost:4000/users/b8d7180e-4355-409a-bb42-9a69810f539a 204 body:{} params:{"userId":"b8d7180e-4355-409a-bb42-9a69810f539a"} query:{}
info: DELETE:http://localhost:4000/users/b8d7180e-4355-409a-bb42-9a69810f539a 204 body:{} params:{"userId":"b8d7180e-4355-409a-bb42-9a69810f539a"} query:{}
info: DELETE:http://localhost:4000/users/b8d7180e-4355-409a-bb42-9a69810f539a 204 body:{} params:{"userId":"b8d7180e-4355-409a-bb42-9a69810f539a"} query:{}
info: POST:http://localhost:4000/users 201 body:{"name":"TEST_USER","login":"test_user","password":"T35t_P@55w0rd"} params:{} query:{}
info: POST:http://localhost:4000/users 201 body:{"name":"TEST_USER","login":"test_user","password":"T35t_P@55w0rd"} params:{} query:{}
info: PUT:http://localhost:4000/users/2ab39e1b-d531-46a4-957f-4f0a43958185 200 body:{"name":"Autotest updated TEST_USER","login":"test_user","password":"T35t_P@55w0rd","id":"2ab39e1b-d531-46a4-957f-4f0a43958185"} params:{"userId":"2ab39e1b-d531-46a4-957f-4f0a43958185"} query:{}
info: PUT:http://localhost:4000/users/2ab39e1b-d531-46a4-957f-4f0a43958185 200 body:{"name":"Autotest updated TEST_USER","login":"test_user","password":"T35t_P@55w0rd","id":"2ab39e1b-d531-46a4-957f-4f0a43958185"} params:{"userId":"2ab39e1b-d531-46a4-957f-4f0a43958185"} query:{}
info: GET:http://localhost:4000/users/2ab39e1b-d531-46a4-957f-4f0a43958185 200 body:{} params:{"userId":"2ab39e1b-d531-46a4-957f-4f0a43958185"} query:{}
info: DELETE:http://localhost:4000/users/2ab39e1b-d531-46a4-957f-4f0a43958185 204 body:{} params:{"userId":"2ab39e1b-d531-46a4-957f-4f0a43958185"} query:{}
info: DELETE:http://localhost:4000/users/2ab39e1b-d531-46a4-957f-4f0a43958185 204 body:{} params:{"userId":"2ab39e1b-d531-46a4-957f-4f0a43958185"} query:{}
info: DELETE:http://localhost:4000/users/2ab39e1b-d531-46a4-957f-4f0a43958185 204 body:{} params:{"userId":"2ab39e1b-d531-46a4-957f-4f0a43958185"} query:{}
info: POST:http://localhost:4000/users 201 body:{"name":"TEST_USER","login":"test_user","password":"T35t_P@55w0rd"} params:{} query:{}
info: POST:http://localhost:4000/users 201 body:{"name":"TEST_USER","login":"test_user","password":"T35t_P@55w0rd"} params:{} query:{}
info: DELETE:http://localhost:4000/users/41ccc620-e5ad-452a-a302-fe3c2026013d 204 body:{} params:{"userId":"41ccc620-e5ad-452a-a302-fe3c2026013d"} query:{}
info: DELETE:http://localhost:4000/users/41ccc620-e5ad-452a-a302-fe3c2026013d 204 body:{} params:{"userId":"41ccc620-e5ad-452a-a302-fe3c2026013d"} query:{}
info: DELETE:http://localhost:4000/users/41ccc620-e5ad-452a-a302-fe3c2026013d 204 body:{} params:{"userId":"41ccc620-e5ad-452a-a302-fe3c2026013d"} query:{}
info: POST:http://localhost:4000/users 201 body:{"name":"TEST_USER","login":"test_user","password":"T35t_P@55w0rd"} params:{} query:{}
info: POST:http://localhost:4000/users 201 body:{"name":"TEST_USER","login":"test_user","password":"T35t_P@55w0rd"} params:{} query:{}
info: POST:http://localhost:4000/boards 201 body:{"title":"Autotest board","columns":[{"title":"Backlog","order":1},{"title":"Sprint","order":2}]} params:{} query:{}
info: POST:http://localhost:4000/boards 201 body:{"title":"Autotest board","columns":[{"title":"Backlog","order":1},{"title":"Sprint","order":2}]} params:{} query:{}
info: POST:http://localhost:4000/boards/5bebf9c5-bc13-4ce3-b6e6-2f1b2f5f481a/tasks 201 body:{"title":"Task #1","order":1,"description":"Lorem ipsum","userId":"56c16948-bbc8-4c47-a36a-6cfecec8fd6e","boardId":"5bebf9c5-bc13-4ce3-b6e6-2f1b2f5f481a"} params:{"boardId":"5bebf9c5-bc13-4ce3-b6e6-2f1b2f5f481a"} query:{}
info: POST:http://localhost:4000/boards/5bebf9c5-bc13-4ce3-b6e6-2f1b2f5f481a/tasks 201 body:{"title":"Task #1","order":1,"description":"Lorem ipsum","userId":"56c16948-bbc8-4c47-a36a-6cfecec8fd6e","boardId":"5bebf9c5-bc13-4ce3-b6e6-2f1b2f5f481a"} params:{"boardId":"5bebf9c5-bc13-4ce3-b6e6-2f1b2f5f481a"} query:{}
info: POST:http://localhost:4000/boards/5bebf9c5-bc13-4ce3-b6e6-2f1b2f5f481a/tasks 201 body:{"title":"Task #2","order":2,"description":"Lorem ipsum","userId":"56c16948-bbc8-4c47-a36a-6cfecec8fd6e","boardId":"5bebf9c5-bc13-4ce3-b6e6-2f1b2f5f481a"} params:{"boardId":"5bebf9c5-bc13-4ce3-b6e6-2f1b2f5f481a"} query:{}
info: POST:http://localhost:4000/boards/5bebf9c5-bc13-4ce3-b6e6-2f1b2f5f481a/tasks 201 body:{"title":"Task #2","order":2,"description":"Lorem ipsum","userId":"56c16948-bbc8-4c47-a36a-6cfecec8fd6e","boardId":"5bebf9c5-bc13-4ce3-b6e6-2f1b2f5f481a"} params:{"boardId":"5bebf9c5-bc13-4ce3-b6e6-2f1b2f5f481a"} query:{}
info: DELETE:http://localhost:4000/users/56c16948-bbc8-4c47-a36a-6cfecec8fd6e 204 body:{} params:{"userId":"56c16948-bbc8-4c47-a36a-6cfecec8fd6e"} query:{}
info: DELETE:http://localhost:4000/users/56c16948-bbc8-4c47-a36a-6cfecec8fd6e 204 body:{} params:{"userId":"56c16948-bbc8-4c47-a36a-6cfecec8fd6e"} query:{}
info: DELETE:http://localhost:4000/users/56c16948-bbc8-4c47-a36a-6cfecec8fd6e 204 body:{} params:{"userId":"56c16948-bbc8-4c47-a36a-6cfecec8fd6e"} query:{}
info: GET:http://localhost:4000/boards/5bebf9c5-bc13-4ce3-b6e6-2f1b2f5f481a/tasks/a7db51ce-342c-4d3e-9186-8b09d792ad33 200 body:{} params:{"boardId":"5bebf9c5-bc13-4ce3-b6e6-2f1b2f5f481a","taskId":"a7db51ce-342c-4d3e-9186-8b09d792ad33"} query:{}
info: GET:http://localhost:4000/boards/5bebf9c5-bc13-4ce3-b6e6-2f1b2f5f481a/tasks/aa97de39-9db2-40c8-a0d2-3f184b40f181 200 body:{} params:{"boardId":"5bebf9c5-bc13-4ce3-b6e6-2f1b2f5f481a","taskId":"aa97de39-9db2-40c8-a0d2-3f184b40f181"} query:{}
info: DELETE:http://localhost:4000/boards/5bebf9c5-bc13-4ce3-b6e6-2f1b2f5f481a/tasks/a7db51ce-342c-4d3e-9186-8b09d792ad33 204 body:{} params:{"boardId":"5bebf9c5-bc13-4ce3-b6e6-2f1b2f5f481a","taskId":"a7db51ce-342c-4d3e-9186-8b09d792ad33"} query:{}
info: DELETE:http://localhost:4000/boards/5bebf9c5-bc13-4ce3-b6e6-2f1b2f5f481a/tasks/a7db51ce-342c-4d3e-9186-8b09d792ad33 204 body:{} params:{"boardId":"5bebf9c5-bc13-4ce3-b6e6-2f1b2f5f481a","taskId":"a7db51ce-342c-4d3e-9186-8b09d792ad33"} query:{}
info: DELETE:http://localhost:4000/boards/5bebf9c5-bc13-4ce3-b6e6-2f1b2f5f481a/tasks/a7db51ce-342c-4d3e-9186-8b09d792ad33 204 body:{} params:{"boardId":"5bebf9c5-bc13-4ce3-b6e6-2f1b2f5f481a","taskId":"a7db51ce-342c-4d3e-9186-8b09d792ad33"} query:{}
info: DELETE:http://localhost:4000/boards/5bebf9c5-bc13-4ce3-b6e6-2f1b2f5f481a/tasks/aa97de39-9db2-40c8-a0d2-3f184b40f181 204 body:{} params:{"boardId":"5bebf9c5-bc13-4ce3-b6e6-2f1b2f5f481a","taskId":"aa97de39-9db2-40c8-a0d2-3f184b40f181"} query:{}
info: DELETE:http://localhost:4000/boards/5bebf9c5-bc13-4ce3-b6e6-2f1b2f5f481a/tasks/aa97de39-9db2-40c8-a0d2-3f184b40f181 204 body:{} params:{"boardId":"5bebf9c5-bc13-4ce3-b6e6-2f1b2f5f481a","taskId":"aa97de39-9db2-40c8-a0d2-3f184b40f181"} query:{}
info: DELETE:http://localhost:4000/boards/5bebf9c5-bc13-4ce3-b6e6-2f1b2f5f481a/tasks/aa97de39-9db2-40c8-a0d2-3f184b40f181 204 body:{} params:{"boardId":"5bebf9c5-bc13-4ce3-b6e6-2f1b2f5f481a","taskId":"aa97de39-9db2-40c8-a0d2-3f184b40f181"} query:{}
info: DELETE:http://localhost:4000/boards/5bebf9c5-bc13-4ce3-b6e6-2f1b2f5f481a 204 body:{} params:{"boardId":"5bebf9c5-bc13-4ce3-b6e6-2f1b2f5f481a"} query:{}
info: DELETE:http://localhost:4000/boards/5bebf9c5-bc13-4ce3-b6e6-2f1b2f5f481a 204 body:{} params:{"boardId":"5bebf9c5-bc13-4ce3-b6e6-2f1b2f5f481a"} query:{}
info: DELETE:http://localhost:4000/boards/5bebf9c5-bc13-4ce3-b6e6-2f1b2f5f481a 204 body:{} params:{"boardId":"5bebf9c5-bc13-4ce3-b6e6-2f1b2f5f481a"} query:{}
info: POST:http://localhost:4000/boards 201 body:{"title":"Autotest board","columns":[{"title":"Backlog","order":1},{"title":"Sprint","order":2}]} params:{} query:{}
info: POST:http://localhost:4000/boards 201 body:{"title":"Autotest board","columns":[{"title":"Backlog","order":1},{"title":"Sprint","order":2}]} params:{} query:{}
info: GET:http://localhost:4000/boards 200 body:{} params:{} query:{}
info: GET:http://localhost:4000/boards 200 body:{} params:{} query:{}
info: GET:http://localhost:4000/boards/ae387611-fc26-4a2e-bb28-55e4114a6aaf 200 body:{} params:{"boardId":"ae387611-fc26-4a2e-bb28-55e4114a6aaf"} query:{}
info: POST:http://localhost:4000/boards 201 body:{"title":"Autotest board","columns":[{"title":"Backlog","order":1},{"title":"Sprint","order":2}]} params:{} query:{}
info: POST:http://localhost:4000/boards 201 body:{"title":"Autotest board","columns":[{"title":"Backlog","order":1},{"title":"Sprint","order":2}]} params:{} query:{}
info: DELETE:http://localhost:4000/boards/0adf5f63-c42b-4073-b854-89d286af892b 204 body:{} params:{"boardId":"0adf5f63-c42b-4073-b854-89d286af892b"} query:{}
info: DELETE:http://localhost:4000/boards/0adf5f63-c42b-4073-b854-89d286af892b 204 body:{} params:{"boardId":"0adf5f63-c42b-4073-b854-89d286af892b"} query:{}
info: DELETE:http://localhost:4000/boards/0adf5f63-c42b-4073-b854-89d286af892b 204 body:{} params:{"boardId":"0adf5f63-c42b-4073-b854-89d286af892b"} query:{}
info: POST:http://localhost:4000/boards 201 body:{"title":"Autotest board","columns":[{"title":"Backlog","order":1},{"title":"Sprint","order":2}]} params:{} query:{}
info: POST:http://localhost:4000/boards 201 body:{"title":"Autotest board","columns":[{"title":"Backlog","order":1},{"title":"Sprint","order":2}]} params:{} query:{}
info: PUT:http://localhost:4000/boards/5eada4a7-4e9b-4ed0-ac26-d57263aa4a5a 200 body:{"id":"5eada4a7-4e9b-4ed0-ac26-d57263aa4a5a","title":"Autotest updated board","columns":[{"title":"Backlog","order":1,"id":"b989f7d8-3d46-4a48-9869-b1c88368b59d"},{"title":"Sprint","order":2,"id":"e5e378ac-8e03-40b9-99f2-99203d79a1aa"}]} params:{"boardId":"5eada4a7-4e9b-4ed0-ac26-d57263aa4a5a"} query:{}
info: PUT:http://localhost:4000/boards/5eada4a7-4e9b-4ed0-ac26-d57263aa4a5a 200 body:{"id":"5eada4a7-4e9b-4ed0-ac26-d57263aa4a5a","title":"Autotest updated board","columns":[{"title":"Backlog","order":1,"id":"b989f7d8-3d46-4a48-9869-b1c88368b59d"},{"title":"Sprint","order":2,"id":"e5e378ac-8e03-40b9-99f2-99203d79a1aa"}]} params:{"boardId":"5eada4a7-4e9b-4ed0-ac26-d57263aa4a5a"} query:{}
info: GET:http://localhost:4000/boards/5eada4a7-4e9b-4ed0-ac26-d57263aa4a5a 200 body:{} params:{"boardId":"5eada4a7-4e9b-4ed0-ac26-d57263aa4a5a"} query:{}
info: DELETE:http://localhost:4000/boards/5eada4a7-4e9b-4ed0-ac26-d57263aa4a5a 204 body:{} params:{"boardId":"5eada4a7-4e9b-4ed0-ac26-d57263aa4a5a"} query:{}
info: DELETE:http://localhost:4000/boards/5eada4a7-4e9b-4ed0-ac26-d57263aa4a5a 204 body:{} params:{"boardId":"5eada4a7-4e9b-4ed0-ac26-d57263aa4a5a"} query:{}
info: DELETE:http://localhost:4000/boards/5eada4a7-4e9b-4ed0-ac26-d57263aa4a5a 204 body:{} params:{"boardId":"5eada4a7-4e9b-4ed0-ac26-d57263aa4a5a"} query:{}
info: POST:http://localhost:4000/boards 201 body:{"title":"Autotest board","columns":[{"title":"Backlog","order":1},{"title":"Sprint","order":2}]} params:{} query:{}
info: POST:http://localhost:4000/boards 201 body:{"title":"Autotest board","columns":[{"title":"Backlog","order":1},{"title":"Sprint","order":2}]} params:{} query:{}
info: DELETE:http://localhost:4000/boards/1b1d5a9d-3f15-4bdc-b21f-8e1e1080cc59 204 body:{} params:{"boardId":"1b1d5a9d-3f15-4bdc-b21f-8e1e1080cc59"} query:{}
info: DELETE:http://localhost:4000/boards/1b1d5a9d-3f15-4bdc-b21f-8e1e1080cc59 204 body:{} params:{"boardId":"1b1d5a9d-3f15-4bdc-b21f-8e1e1080cc59"} query:{}
info: DELETE:http://localhost:4000/boards/1b1d5a9d-3f15-4bdc-b21f-8e1e1080cc59 204 body:{} params:{"boardId":"1b1d5a9d-3f15-4bdc-b21f-8e1e1080cc59"} query:{}
error: GET:http://localhost:4000/boards/1b1d5a9d-3f15-4bdc-b21f-8e1e1080cc59 404 message:Board with id: 1b1d5a9d-3f15-4bdc-b21f-8e1e1080cc59 not found
info: GET:http://localhost:4000/boards/1b1d5a9d-3f15-4bdc-b21f-8e1e1080cc59 404 body:{} params:{"boardId":"1b1d5a9d-3f15-4bdc-b21f-8e1e1080cc59"} query:{}
info: POST:http://localhost:4000/boards 201 body:{"title":"Autotest board","columns":[{"title":"Backlog","order":1},{"title":"Sprint","order":2}]} params:{} query:{}
info: POST:http://localhost:4000/boards 201 body:{"title":"Autotest board","columns":[{"title":"Backlog","order":1},{"title":"Sprint","order":2}]} params:{} query:{}
info: POST:http://localhost:4000/boards/be5bb9da-0e85-4e74-a926-8ae6c5b54e82/tasks 201 body:{"title":"Task #1","order":1,"description":"Lorem ipsum","boardId":"be5bb9da-0e85-4e74-a926-8ae6c5b54e82","userId":null,"columnId":null} params:{"boardId":"be5bb9da-0e85-4e74-a926-8ae6c5b54e82"} query:{}
info: POST:http://localhost:4000/boards/be5bb9da-0e85-4e74-a926-8ae6c5b54e82/tasks 201 body:{"title":"Task #1","order":1,"description":"Lorem ipsum","boardId":"be5bb9da-0e85-4e74-a926-8ae6c5b54e82","userId":null,"columnId":null} params:{"boardId":"be5bb9da-0e85-4e74-a926-8ae6c5b54e82"} query:{}
info: POST:http://localhost:4000/boards/be5bb9da-0e85-4e74-a926-8ae6c5b54e82/tasks 201 body:{"title":"Task #2","order":2,"description":"Lorem ipsum","boardId":"be5bb9da-0e85-4e74-a926-8ae6c5b54e82","userId":null,"columnId":null} params:{"boardId":"be5bb9da-0e85-4e74-a926-8ae6c5b54e82"} query:{}
info: POST:http://localhost:4000/boards/be5bb9da-0e85-4e74-a926-8ae6c5b54e82/tasks 201 body:{"title":"Task #2","order":2,"description":"Lorem ipsum","boardId":"be5bb9da-0e85-4e74-a926-8ae6c5b54e82","userId":null,"columnId":null} params:{"boardId":"be5bb9da-0e85-4e74-a926-8ae6c5b54e82"} query:{}
info: POST:http://localhost:4000/boards/be5bb9da-0e85-4e74-a926-8ae6c5b54e82/tasks 201 body:{"title":"Task #3","order":3,"description":"Lorem ipsum","boardId":"be5bb9da-0e85-4e74-a926-8ae6c5b54e82","userId":null,"columnId":null} params:{"boardId":"be5bb9da-0e85-4e74-a926-8ae6c5b54e82"} query:{}
info: POST:http://localhost:4000/boards/be5bb9da-0e85-4e74-a926-8ae6c5b54e82/tasks 201 body:{"title":"Task #3","order":3,"description":"Lorem ipsum","boardId":"be5bb9da-0e85-4e74-a926-8ae6c5b54e82","userId":null,"columnId":null} params:{"boardId":"be5bb9da-0e85-4e74-a926-8ae6c5b54e82"} query:{}
info: POST:http://localhost:4000/boards/be5bb9da-0e85-4e74-a926-8ae6c5b54e82/tasks 201 body:{"title":"Task #4","order":4,"description":"Lorem ipsum","boardId":"be5bb9da-0e85-4e74-a926-8ae6c5b54e82","userId":null,"columnId":null} params:{"boardId":"be5bb9da-0e85-4e74-a926-8ae6c5b54e82"} query:{}
info: POST:http://localhost:4000/boards/be5bb9da-0e85-4e74-a926-8ae6c5b54e82/tasks 201 body:{"title":"Task #4","order":4,"description":"Lorem ipsum","boardId":"be5bb9da-0e85-4e74-a926-8ae6c5b54e82","userId":null,"columnId":null} params:{"boardId":"be5bb9da-0e85-4e74-a926-8ae6c5b54e82"} query:{}
info: POST:http://localhost:4000/boards/be5bb9da-0e85-4e74-a926-8ae6c5b54e82/tasks 201 body:{"title":"Task #5","order":5,"description":"Lorem ipsum","boardId":"be5bb9da-0e85-4e74-a926-8ae6c5b54e82","userId":null,"columnId":null} params:{"boardId":"be5bb9da-0e85-4e74-a926-8ae6c5b54e82"} query:{}
info: POST:http://localhost:4000/boards/be5bb9da-0e85-4e74-a926-8ae6c5b54e82/tasks 201 body:{"title":"Task #5","order":5,"description":"Lorem ipsum","boardId":"be5bb9da-0e85-4e74-a926-8ae6c5b54e82","userId":null,"columnId":null} params:{"boardId":"be5bb9da-0e85-4e74-a926-8ae6c5b54e82"} query:{}
info: GET:http://localhost:4000/boards/be5bb9da-0e85-4e74-a926-8ae6c5b54e82/tasks/5333c132-b757-41bd-8188-c81b0f8d4e94 200 body:{} params:{"boardId":"be5bb9da-0e85-4e74-a926-8ae6c5b54e82","taskId":"5333c132-b757-41bd-8188-c81b0f8d4e94"} query:{}
info: GET:http://localhost:4000/boards/be5bb9da-0e85-4e74-a926-8ae6c5b54e82/tasks/ba400cf9-ecf9-4687-a669-3a3458aa5906 200 body:{} params:{"boardId":"be5bb9da-0e85-4e74-a926-8ae6c5b54e82","taskId":"ba400cf9-ecf9-4687-a669-3a3458aa5906"} query:{}
info: GET:http://localhost:4000/boards/be5bb9da-0e85-4e74-a926-8ae6c5b54e82/tasks/02659719-7a13-4000-a2c1-952cc58ecbc6 200 body:{} params:{"boardId":"be5bb9da-0e85-4e74-a926-8ae6c5b54e82","taskId":"02659719-7a13-4000-a2c1-952cc58ecbc6"} query:{}
info: GET:http://localhost:4000/boards/be5bb9da-0e85-4e74-a926-8ae6c5b54e82/tasks/67b52dca-edd8-4ad7-92f4-0d7e6f7d7fcd 200 body:{} params:{"boardId":"be5bb9da-0e85-4e74-a926-8ae6c5b54e82","taskId":"67b52dca-edd8-4ad7-92f4-0d7e6f7d7fcd"} query:{}
info: GET:http://localhost:4000/boards/be5bb9da-0e85-4e74-a926-8ae6c5b54e82/tasks/7592ba16-f1d1-4fe0-92a3-95bfa4b9e497 200 body:{} params:{"boardId":"be5bb9da-0e85-4e74-a926-8ae6c5b54e82","taskId":"7592ba16-f1d1-4fe0-92a3-95bfa4b9e497"} query:{}
info: DELETE:http://localhost:4000/boards/be5bb9da-0e85-4e74-a926-8ae6c5b54e82 204 body:{} params:{"boardId":"be5bb9da-0e85-4e74-a926-8ae6c5b54e82"} query:{}
info: DELETE:http://localhost:4000/boards/be5bb9da-0e85-4e74-a926-8ae6c5b54e82 204 body:{} params:{"boardId":"be5bb9da-0e85-4e74-a926-8ae6c5b54e82"} query:{}
info: DELETE:http://localhost:4000/boards/be5bb9da-0e85-4e74-a926-8ae6c5b54e82 204 body:{} params:{"boardId":"be5bb9da-0e85-4e74-a926-8ae6c5b54e82"} query:{}
error: GET:http://localhost:4000/boards/be5bb9da-0e85-4e74-a926-8ae6c5b54e82/tasks/5333c132-b757-41bd-8188-c81b0f8d4e94 404 message:Task with id: 5333c132-b757-41bd-8188-c81b0f8d4e94 not found
info: GET:http://localhost:4000/boards/be5bb9da-0e85-4e74-a926-8ae6c5b54e82/tasks/5333c132-b757-41bd-8188-c81b0f8d4e94 404 body:{} params:{"boardId":"be5bb9da-0e85-4e74-a926-8ae6c5b54e82","taskId":"5333c132-b757-41bd-8188-c81b0f8d4e94"} query:{}
error: GET:http://localhost:4000/boards/be5bb9da-0e85-4e74-a926-8ae6c5b54e82/tasks/ba400cf9-ecf9-4687-a669-3a3458aa5906 404 message:Task with id: ba400cf9-ecf9-4687-a669-3a3458aa5906 not found
info: GET:http://localhost:4000/boards/be5bb9da-0e85-4e74-a926-8ae6c5b54e82/tasks/ba400cf9-ecf9-4687-a669-3a3458aa5906 404 body:{} params:{"boardId":"be5bb9da-0e85-4e74-a926-8ae6c5b54e82","taskId":"ba400cf9-ecf9-4687-a669-3a3458aa5906"} query:{}
error: GET:http://localhost:4000/boards/be5bb9da-0e85-4e74-a926-8ae6c5b54e82/tasks/02659719-7a13-4000-a2c1-952cc58ecbc6 404 message:Task with id: 02659719-7a13-4000-a2c1-952cc58ecbc6 not found
info: GET:http://localhost:4000/boards/be5bb9da-0e85-4e74-a926-8ae6c5b54e82/tasks/02659719-7a13-4000-a2c1-952cc58ecbc6 404 body:{} params:{"boardId":"be5bb9da-0e85-4e74-a926-8ae6c5b54e82","taskId":"02659719-7a13-4000-a2c1-952cc58ecbc6"} query:{}
error: GET:http://localhost:4000/boards/be5bb9da-0e85-4e74-a926-8ae6c5b54e82/tasks/67b52dca-edd8-4ad7-92f4-0d7e6f7d7fcd 404 message:Task with id: 67b52dca-edd8-4ad7-92f4-0d7e6f7d7fcd not found
info: GET:http://localhost:4000/boards/be5bb9da-0e85-4e74-a926-8ae6c5b54e82/tasks/67b52dca-edd8-4ad7-92f4-0d7e6f7d7fcd 404 body:{} params:{"boardId":"be5bb9da-0e85-4e74-a926-8ae6c5b54e82","taskId":"67b52dca-edd8-4ad7-92f4-0d7e6f7d7fcd"} query:{}
error: GET:http://localhost:4000/boards/be5bb9da-0e85-4e74-a926-8ae6c5b54e82/tasks/7592ba16-f1d1-4fe0-92a3-95bfa4b9e497 404 message:Task with id: 7592ba16-f1d1-4fe0-92a3-95bfa4b9e497 not found
info: GET:http://localhost:4000/boards/be5bb9da-0e85-4e74-a926-8ae6c5b54e82/tasks/7592ba16-f1d1-4fe0-92a3-95bfa4b9e497 404 body:{} params:{"boardId":"be5bb9da-0e85-4e74-a926-8ae6c5b54e82","taskId":"7592ba16-f1d1-4fe0-92a3-95bfa4b9e497"} query:{}
info: DELETE:http://localhost:4000/boards/ae387611-fc26-4a2e-bb28-55e4114a6aaf 204 body:{} params:{"boardId":"ae387611-fc26-4a2e-bb28-55e4114a6aaf"} query:{}
info: DELETE:http://localhost:4000/boards/ae387611-fc26-4a2e-bb28-55e4114a6aaf 204 body:{} params:{"boardId":"ae387611-fc26-4a2e-bb28-55e4114a6aaf"} query:{}
info: DELETE:http://localhost:4000/boards/ae387611-fc26-4a2e-bb28-55e4114a6aaf 204 body:{} params:{"boardId":"ae387611-fc26-4a2e-bb28-55e4114a6aaf"} query:{}
info: POST:http://localhost:4000/boards 201 body:{"title":"Autotest board","columns":[{"title":"Backlog","order":1},{"title":"Sprint","order":2}]} params:{} query:{}
info: POST:http://localhost:4000/boards 201 body:{"title":"Autotest board","columns":[{"title":"Backlog","order":1},{"title":"Sprint","order":2}]} params:{} query:{}
info: POST:http://localhost:4000/boards/36f3aec8-c69d-461d-950e-99994e012632/tasks 201 body:{"title":"Autotest task","order":0,"description":"Lorem ipsum","userId":null,"boardId":null,"columnId":null} params:{"boardId":"36f3aec8-c69d-461d-950e-99994e012632"} query:{}
info: POST:http://localhost:4000/boards/36f3aec8-c69d-461d-950e-99994e012632/tasks 201 body:{"title":"Autotest task","order":0,"description":"Lorem ipsum","userId":null,"boardId":null,"columnId":null} params:{"boardId":"36f3aec8-c69d-461d-950e-99994e012632"} query:{}
info: GET:http://localhost:4000/boards/36f3aec8-c69d-461d-950e-99994e012632/tasks 200 body:{} params:{"boardId":"36f3aec8-c69d-461d-950e-99994e012632"} query:{}
info: GET:http://localhost:4000/boards/36f3aec8-c69d-461d-950e-99994e012632/tasks 200 body:{} params:{"boardId":"36f3aec8-c69d-461d-950e-99994e012632"} query:{}
info: GET:http://localhost:4000/boards/36f3aec8-c69d-461d-950e-99994e012632/tasks/831c74e6-94c7-43bd-b2ce-583b67e3feeb 200 body:{} params:{"boardId":"36f3aec8-c69d-461d-950e-99994e012632","taskId":"831c74e6-94c7-43bd-b2ce-583b67e3feeb"} query:{}
info: POST:http://localhost:4000/boards/36f3aec8-c69d-461d-950e-99994e012632/tasks 201 body:{"title":"Autotest task","order":0,"description":"Lorem ipsum","userId":null,"boardId":null,"columnId":null} params:{"boardId":"36f3aec8-c69d-461d-950e-99994e012632"} query:{}
info: POST:http://localhost:4000/boards/36f3aec8-c69d-461d-950e-99994e012632/tasks 201 body:{"title":"Autotest task","order":0,"description":"Lorem ipsum","userId":null,"boardId":null,"columnId":null} params:{"boardId":"36f3aec8-c69d-461d-950e-99994e012632"} query:{}
info: DELETE:http://localhost:4000/boards/36f3aec8-c69d-461d-950e-99994e012632/tasks/db56a514-2585-4fc3-a505-4ad0f73f73fd 204 body:{} params:{"boardId":"36f3aec8-c69d-461d-950e-99994e012632","taskId":"db56a514-2585-4fc3-a505-4ad0f73f73fd"} query:{}
info: DELETE:http://localhost:4000/boards/36f3aec8-c69d-461d-950e-99994e012632/tasks/db56a514-2585-4fc3-a505-4ad0f73f73fd 204 body:{} params:{"boardId":"36f3aec8-c69d-461d-950e-99994e012632","taskId":"db56a514-2585-4fc3-a505-4ad0f73f73fd"} query:{}
info: DELETE:http://localhost:4000/boards/36f3aec8-c69d-461d-950e-99994e012632/tasks/db56a514-2585-4fc3-a505-4ad0f73f73fd 204 body:{} params:{"boardId":"36f3aec8-c69d-461d-950e-99994e012632","taskId":"db56a514-2585-4fc3-a505-4ad0f73f73fd"} query:{}
info: POST:http://localhost:4000/boards/36f3aec8-c69d-461d-950e-99994e012632/tasks 201 body:{"title":"Autotest task","order":0,"description":"Lorem ipsum","userId":null,"boardId":null,"columnId":null} params:{"boardId":"36f3aec8-c69d-461d-950e-99994e012632"} query:{}
info: POST:http://localhost:4000/boards/36f3aec8-c69d-461d-950e-99994e012632/tasks 201 body:{"title":"Autotest task","order":0,"description":"Lorem ipsum","userId":null,"boardId":null,"columnId":null} params:{"boardId":"36f3aec8-c69d-461d-950e-99994e012632"} query:{}
info: PUT:http://localhost:4000/boards/36f3aec8-c69d-461d-950e-99994e012632/tasks/fa8488f8-de00-4816-beee-62e4031d49e8 200 body:{"id":"fa8488f8-de00-4816-beee-62e4031d49e8","title":"Autotest updated task","order":0,"description":"Lorem ipsum","userId":null,"boardId":"36f3aec8-c69d-461d-950e-99994e012632","columnId":null} params:{"boardId":"36f3aec8-c69d-461d-950e-99994e012632","taskId":"fa8488f8-de00-4816-beee-62e4031d49e8"} query:{}
info: PUT:http://localhost:4000/boards/36f3aec8-c69d-461d-950e-99994e012632/tasks/fa8488f8-de00-4816-beee-62e4031d49e8 200 body:{"id":"fa8488f8-de00-4816-beee-62e4031d49e8","title":"Autotest updated task","order":0,"description":"Lorem ipsum","userId":null,"boardId":"36f3aec8-c69d-461d-950e-99994e012632","columnId":null} params:{"boardId":"36f3aec8-c69d-461d-950e-99994e012632","taskId":"fa8488f8-de00-4816-beee-62e4031d49e8"} query:{}
info: GET:http://localhost:4000/boards/36f3aec8-c69d-461d-950e-99994e012632/tasks/fa8488f8-de00-4816-beee-62e4031d49e8 200 body:{} params:{"boardId":"36f3aec8-c69d-461d-950e-99994e012632","taskId":"fa8488f8-de00-4816-beee-62e4031d49e8"} query:{}
info: GET:http://localhost:4000/boards/36f3aec8-c69d-461d-950e-99994e012632/tasks/831c74e6-94c7-43bd-b2ce-583b67e3feeb 200 body:{} params:{"boardId":"36f3aec8-c69d-461d-950e-99994e012632","taskId":"831c74e6-94c7-43bd-b2ce-583b67e3feeb"} query:{}
info: DELETE:http://localhost:4000/boards/36f3aec8-c69d-461d-950e-99994e012632/tasks/831c74e6-94c7-43bd-b2ce-583b67e3feeb 204 body:{} params:{"boardId":"36f3aec8-c69d-461d-950e-99994e012632","taskId":"831c74e6-94c7-43bd-b2ce-583b67e3feeb"} query:{}
info: DELETE:http://localhost:4000/boards/36f3aec8-c69d-461d-950e-99994e012632/tasks/831c74e6-94c7-43bd-b2ce-583b67e3feeb 204 body:{} params:{"boardId":"36f3aec8-c69d-461d-950e-99994e012632","taskId":"831c74e6-94c7-43bd-b2ce-583b67e3feeb"} query:{}
info: DELETE:http://localhost:4000/boards/36f3aec8-c69d-461d-950e-99994e012632/tasks/831c74e6-94c7-43bd-b2ce-583b67e3feeb 204 body:{} params:{"boardId":"36f3aec8-c69d-461d-950e-99994e012632","taskId":"831c74e6-94c7-43bd-b2ce-583b67e3feeb"} query:{}
error: GET:http://localhost:4000/boards/36f3aec8-c69d-461d-950e-99994e012632/tasks/831c74e6-94c7-43bd-b2ce-583b67e3feeb 404 message:Task with id: 831c74e6-94c7-43bd-b2ce-583b67e3feeb not found
info: GET:http://localhost:4000/boards/36f3aec8-c69d-461d-950e-99994e012632/tasks/831c74e6-94c7-43bd-b2ce-583b67e3feeb 404 body:{} params:{"boardId":"36f3aec8-c69d-461d-950e-99994e012632","taskId":"831c74e6-94c7-43bd-b2ce-583b67e3feeb"} query:{}
info: DELETE:http://localhost:4000/boards/36f3aec8-c69d-461d-950e-99994e012632 204 body:{} params:{"boardId":"36f3aec8-c69d-461d-950e-99994e012632"} query:{}
info: DELETE:http://localhost:4000/boards/36f3aec8-c69d-461d-950e-99994e012632 204 body:{} params:{"boardId":"36f3aec8-c69d-461d-950e-99994e012632"} query:{}
info: DELETE:http://localhost:4000/boards/36f3aec8-c69d-461d-950e-99994e012632 204 body:{} params:{"boardId":"36f3aec8-c69d-461d-950e-99994e012632"} query:{}
info: GET:http://localhost:4000/users 200 body:{} params:{} query:{}
info: POST:http://localhost:4000/users 201 body:{"name":"TEST_USER","login":"test_user","password":"T35t_P@55w0rd"} params:{} query:{}
info: POST:http://localhost:4000/users 201 body:{"name":"TEST_USER","login":"test_user","password":"T35t_P@55w0rd"} params:{} query:{}
info: GET:http://localhost:4000/users/94f832d7-ad5e-4b80-b59c-2e345724bafa 200 body:{} params:{"userId":"94f832d7-ad5e-4b80-b59c-2e345724bafa"} query:{}
info: DELETE:http://localhost:4000/users/94f832d7-ad5e-4b80-b59c-2e345724bafa 204 body:{} params:{"userId":"94f832d7-ad5e-4b80-b59c-2e345724bafa"} query:{}
info: DELETE:http://localhost:4000/users/94f832d7-ad5e-4b80-b59c-2e345724bafa 204 body:{} params:{"userId":"94f832d7-ad5e-4b80-b59c-2e345724bafa"} query:{}
info: DELETE:http://localhost:4000/users/94f832d7-ad5e-4b80-b59c-2e345724bafa 204 body:{} params:{"userId":"94f832d7-ad5e-4b80-b59c-2e345724bafa"} query:{}
info: POST:http://localhost:4000/users 201 body:{"name":"TEST_USER","login":"test_user","password":"T35t_P@55w0rd"} params:{} query:{}
info: POST:http://localhost:4000/users 201 body:{"name":"TEST_USER","login":"test_user","password":"T35t_P@55w0rd"} params:{} query:{}
info: DELETE:http://localhost:4000/users/09a20272-cd72-46cd-b52a-8c5b3529bed2 204 body:{} params:{"userId":"09a20272-cd72-46cd-b52a-8c5b3529bed2"} query:{}
info: DELETE:http://localhost:4000/users/09a20272-cd72-46cd-b52a-8c5b3529bed2 204 body:{} params:{"userId":"09a20272-cd72-46cd-b52a-8c5b3529bed2"} query:{}
info: DELETE:http://localhost:4000/users/09a20272-cd72-46cd-b52a-8c5b3529bed2 204 body:{} params:{"userId":"09a20272-cd72-46cd-b52a-8c5b3529bed2"} query:{}
info: POST:http://localhost:4000/users 201 body:{"name":"TEST_USER","login":"test_user","password":"T35t_P@55w0rd"} params:{} query:{}
info: POST:http://localhost:4000/users 201 body:{"name":"TEST_USER","login":"test_user","password":"T35t_P@55w0rd"} params:{} query:{}
info: PUT:http://localhost:4000/users/85e736e9-a313-4801-b439-ee869f13770f 200 body:{"name":"Autotest updated TEST_USER","login":"test_user","password":"T35t_P@55w0rd","id":"85e736e9-a313-4801-b439-ee869f13770f"} params:{"userId":"85e736e9-a313-4801-b439-ee869f13770f"} query:{}
info: PUT:http://localhost:4000/users/85e736e9-a313-4801-b439-ee869f13770f 200 body:{"name":"Autotest updated TEST_USER","login":"test_user","password":"T35t_P@55w0rd","id":"85e736e9-a313-4801-b439-ee869f13770f"} params:{"userId":"85e736e9-a313-4801-b439-ee869f13770f"} query:{}
info: GET:http://localhost:4000/users/85e736e9-a313-4801-b439-ee869f13770f 200 body:{} params:{"userId":"85e736e9-a313-4801-b439-ee869f13770f"} query:{}
info: DELETE:http://localhost:4000/users/85e736e9-a313-4801-b439-ee869f13770f 204 body:{} params:{"userId":"85e736e9-a313-4801-b439-ee869f13770f"} query:{}
info: DELETE:http://localhost:4000/users/85e736e9-a313-4801-b439-ee869f13770f 204 body:{} params:{"userId":"85e736e9-a313-4801-b439-ee869f13770f"} query:{}
info: DELETE:http://localhost:4000/users/85e736e9-a313-4801-b439-ee869f13770f 204 body:{} params:{"userId":"85e736e9-a313-4801-b439-ee869f13770f"} query:{}
info: POST:http://localhost:4000/users 201 body:{"name":"TEST_USER","login":"test_user","password":"T35t_P@55w0rd"} params:{} query:{}
info: POST:http://localhost:4000/users 201 body:{"name":"TEST_USER","login":"test_user","password":"T35t_P@55w0rd"} params:{} query:{}
info: DELETE:http://localhost:4000/users/96ca6fea-a689-43c4-988b-4ac0604ac8b2 204 body:{} params:{"userId":"96ca6fea-a689-43c4-988b-4ac0604ac8b2"} query:{}
info: DELETE:http://localhost:4000/users/96ca6fea-a689-43c4-988b-4ac0604ac8b2 204 body:{} params:{"userId":"96ca6fea-a689-43c4-988b-4ac0604ac8b2"} query:{}
info: DELETE:http://localhost:4000/users/96ca6fea-a689-43c4-988b-4ac0604ac8b2 204 body:{} params:{"userId":"96ca6fea-a689-43c4-988b-4ac0604ac8b2"} query:{}
info: POST:http://localhost:4000/users 201 body:{"name":"TEST_USER","login":"test_user","password":"T35t_P@55w0rd"} params:{} query:{}
info: POST:http://localhost:4000/users 201 body:{"name":"TEST_USER","login":"test_user","password":"T35t_P@55w0rd"} params:{} query:{}
info: POST:http://localhost:4000/boards 201 body:{"title":"Autotest board","columns":[{"title":"Backlog","order":1},{"title":"Sprint","order":2}]} params:{} query:{}
info: POST:http://localhost:4000/boards 201 body:{"title":"Autotest board","columns":[{"title":"Backlog","order":1},{"title":"Sprint","order":2}]} params:{} query:{}
info: POST:http://localhost:4000/boards/068f53ac-2313-40a9-aa3c-1e0a96081959/tasks 201 body:{"title":"Task #1","order":1,"description":"Lorem ipsum","userId":"80ca10d9-4bde-4435-9ede-e6675826075f","boardId":"068f53ac-2313-40a9-aa3c-1e0a96081959"} params:{"boardId":"068f53ac-2313-40a9-aa3c-1e0a96081959"} query:{}
info: POST:http://localhost:4000/boards/068f53ac-2313-40a9-aa3c-1e0a96081959/tasks 201 body:{"title":"Task #1","order":1,"description":"Lorem ipsum","userId":"80ca10d9-4bde-4435-9ede-e6675826075f","boardId":"068f53ac-2313-40a9-aa3c-1e0a96081959"} params:{"boardId":"068f53ac-2313-40a9-aa3c-1e0a96081959"} query:{}
info: POST:http://localhost:4000/boards/068f53ac-2313-40a9-aa3c-1e0a96081959/tasks 201 body:{"title":"Task #2","order":2,"description":"Lorem ipsum","userId":"80ca10d9-4bde-4435-9ede-e6675826075f","boardId":"068f53ac-2313-40a9-aa3c-1e0a96081959"} params:{"boardId":"068f53ac-2313-40a9-aa3c-1e0a96081959"} query:{}
info: POST:http://localhost:4000/boards/068f53ac-2313-40a9-aa3c-1e0a96081959/tasks 201 body:{"title":"Task #2","order":2,"description":"Lorem ipsum","userId":"80ca10d9-4bde-4435-9ede-e6675826075f","boardId":"068f53ac-2313-40a9-aa3c-1e0a96081959"} params:{"boardId":"068f53ac-2313-40a9-aa3c-1e0a96081959"} query:{}
info: DELETE:http://localhost:4000/users/80ca10d9-4bde-4435-9ede-e6675826075f 204 body:{} params:{"userId":"80ca10d9-4bde-4435-9ede-e6675826075f"} query:{}
info: DELETE:http://localhost:4000/users/80ca10d9-4bde-4435-9ede-e6675826075f 204 body:{} params:{"userId":"80ca10d9-4bde-4435-9ede-e6675826075f"} query:{}
info: DELETE:http://localhost:4000/users/80ca10d9-4bde-4435-9ede-e6675826075f 204 body:{} params:{"userId":"80ca10d9-4bde-4435-9ede-e6675826075f"} query:{}
info: GET:http://localhost:4000/boards/068f53ac-2313-40a9-aa3c-1e0a96081959/tasks/e368fa5f-2775-492d-8df4-fd5c19469772 200 body:{} params:{"boardId":"068f53ac-2313-40a9-aa3c-1e0a96081959","taskId":"e368fa5f-2775-492d-8df4-fd5c19469772"} query:{}
info: GET:http://localhost:4000/boards/068f53ac-2313-40a9-aa3c-1e0a96081959/tasks/55c3ca5e-8dde-477b-a09c-cb9d5e32665b 200 body:{} params:{"boardId":"068f53ac-2313-40a9-aa3c-1e0a96081959","taskId":"55c3ca5e-8dde-477b-a09c-cb9d5e32665b"} query:{}
info: DELETE:http://localhost:4000/boards/068f53ac-2313-40a9-aa3c-1e0a96081959/tasks/55c3ca5e-8dde-477b-a09c-cb9d5e32665b 204 body:{} params:{"boardId":"068f53ac-2313-40a9-aa3c-1e0a96081959","taskId":"55c3ca5e-8dde-477b-a09c-cb9d5e32665b"} query:{}
info: DELETE:http://localhost:4000/boards/068f53ac-2313-40a9-aa3c-1e0a96081959/tasks/55c3ca5e-8dde-477b-a09c-cb9d5e32665b 204 body:{} params:{"boardId":"068f53ac-2313-40a9-aa3c-1e0a96081959","taskId":"55c3ca5e-8dde-477b-a09c-cb9d5e32665b"} query:{}
info: DELETE:http://localhost:4000/boards/068f53ac-2313-40a9-aa3c-1e0a96081959/tasks/55c3ca5e-8dde-477b-a09c-cb9d5e32665b 204 body:{} params:{"boardId":"068f53ac-2313-40a9-aa3c-1e0a96081959","taskId":"55c3ca5e-8dde-477b-a09c-cb9d5e32665b"} query:{}
info: DELETE:http://localhost:4000/boards/068f53ac-2313-40a9-aa3c-1e0a96081959/tasks/e368fa5f-2775-492d-8df4-fd5c19469772 204 body:{} params:{"boardId":"068f53ac-2313-40a9-aa3c-1e0a96081959","taskId":"e368fa5f-2775-492d-8df4-fd5c19469772"} query:{}
info: DELETE:http://localhost:4000/boards/068f53ac-2313-40a9-aa3c-1e0a96081959/tasks/e368fa5f-2775-492d-8df4-fd5c19469772 204 body:{} params:{"boardId":"068f53ac-2313-40a9-aa3c-1e0a96081959","taskId":"e368fa5f-2775-492d-8df4-fd5c19469772"} query:{}
info: DELETE:http://localhost:4000/boards/068f53ac-2313-40a9-aa3c-1e0a96081959/tasks/e368fa5f-2775-492d-8df4-fd5c19469772 204 body:{} params:{"boardId":"068f53ac-2313-40a9-aa3c-1e0a96081959","taskId":"e368fa5f-2775-492d-8df4-fd5c19469772"} query:{}
info: DELETE:http://localhost:4000/boards/068f53ac-2313-40a9-aa3c-1e0a96081959 204 body:{} params:{"boardId":"068f53ac-2313-40a9-aa3c-1e0a96081959"} query:{}
info: DELETE:http://localhost:4000/boards/068f53ac-2313-40a9-aa3c-1e0a96081959 204 body:{} params:{"boardId":"068f53ac-2313-40a9-aa3c-1e0a96081959"} query:{}
info: DELETE:http://localhost:4000/boards/068f53ac-2313-40a9-aa3c-1e0a96081959 204 body:{} params:{"boardId":"068f53ac-2313-40a9-aa3c-1e0a96081959"} query:{}
info: POST:http://localhost:4000/boards 201 body:{"title":"Autotest board","columns":[{"title":"Backlog","order":1},{"title":"Sprint","order":2}]} params:{} query:{}
info: POST:http://localhost:4000/boards 201 body:{"title":"Autotest board","columns":[{"title":"Backlog","order":1},{"title":"Sprint","order":2}]} params:{} query:{}
info: GET:http://localhost:4000/boards 200 body:{} params:{} query:{}
info: GET:http://localhost:4000/boards 200 body:{} params:{} query:{}
info: GET:http://localhost:4000/boards/5234f85b-1e7c-4f03-af68-36e79f399028 200 body:{} params:{"boardId":"5234f85b-1e7c-4f03-af68-36e79f399028"} query:{}
info: POST:http://localhost:4000/boards 201 body:{"title":"Autotest board","columns":[{"title":"Backlog","order":1},{"title":"Sprint","order":2}]} params:{} query:{}
info: POST:http://localhost:4000/boards 201 body:{"title":"Autotest board","columns":[{"title":"Backlog","order":1},{"title":"Sprint","order":2}]} params:{} query:{}
info: DELETE:http://localhost:4000/boards/1f0d4330-7632-42b8-8dfe-218120844d2a 204 body:{} params:{"boardId":"1f0d4330-7632-42b8-8dfe-218120844d2a"} query:{}
info: DELETE:http://localhost:4000/boards/1f0d4330-7632-42b8-8dfe-218120844d2a 204 body:{} params:{"boardId":"1f0d4330-7632-42b8-8dfe-218120844d2a"} query:{}
info: DELETE:http://localhost:4000/boards/1f0d4330-7632-42b8-8dfe-218120844d2a 204 body:{} params:{"boardId":"1f0d4330-7632-42b8-8dfe-218120844d2a"} query:{}
info: POST:http://localhost:4000/boards 201 body:{"title":"Autotest board","columns":[{"title":"Backlog","order":1},{"title":"Sprint","order":2}]} params:{} query:{}
info: POST:http://localhost:4000/boards 201 body:{"title":"Autotest board","columns":[{"title":"Backlog","order":1},{"title":"Sprint","order":2}]} params:{} query:{}
info: PUT:http://localhost:4000/boards/5308de67-0805-4df7-b8b4-125296b01712 200 body:{"id":"5308de67-0805-4df7-b8b4-125296b01712","title":"Autotest updated board","columns":[{"title":"Backlog","order":1,"id":"81408116-d413-4bdb-a39b-627828dc4222"},{"title":"Sprint","order":2,"id":"b00af59a-71a8-4a3d-ba0f-269fc282ef0b"}]} params:{"boardId":"5308de67-0805-4df7-b8b4-125296b01712"} query:{}
info: PUT:http://localhost:4000/boards/5308de67-0805-4df7-b8b4-125296b01712 200 body:{"id":"5308de67-0805-4df7-b8b4-125296b01712","title":"Autotest updated board","columns":[{"title":"Backlog","order":1,"id":"81408116-d413-4bdb-a39b-627828dc4222"},{"title":"Sprint","order":2,"id":"b00af59a-71a8-4a3d-ba0f-269fc282ef0b"}]} params:{"boardId":"5308de67-0805-4df7-b8b4-125296b01712"} query:{}
info: GET:http://localhost:4000/boards/5308de67-0805-4df7-b8b4-125296b01712 200 body:{} params:{"boardId":"5308de67-0805-4df7-b8b4-125296b01712"} query:{}
info: DELETE:http://localhost:4000/boards/5308de67-0805-4df7-b8b4-125296b01712 204 body:{} params:{"boardId":"5308de67-0805-4df7-b8b4-125296b01712"} query:{}
info: DELETE:http://localhost:4000/boards/5308de67-0805-4df7-b8b4-125296b01712 204 body:{} params:{"boardId":"5308de67-0805-4df7-b8b4-125296b01712"} query:{}
info: DELETE:http://localhost:4000/boards/5308de67-0805-4df7-b8b4-125296b01712 204 body:{} params:{"boardId":"5308de67-0805-4df7-b8b4-125296b01712"} query:{}
info: POST:http://localhost:4000/boards 201 body:{"title":"Autotest board","columns":[{"title":"Backlog","order":1},{"title":"Sprint","order":2}]} params:{} query:{}
info: POST:http://localhost:4000/boards 201 body:{"title":"Autotest board","columns":[{"title":"Backlog","order":1},{"title":"Sprint","order":2}]} params:{} query:{}
info: DELETE:http://localhost:4000/boards/3676c6c1-d8dc-4423-b443-c10aa827f111 204 body:{} params:{"boardId":"3676c6c1-d8dc-4423-b443-c10aa827f111"} query:{}
info: DELETE:http://localhost:4000/boards/3676c6c1-d8dc-4423-b443-c10aa827f111 204 body:{} params:{"boardId":"3676c6c1-d8dc-4423-b443-c10aa827f111"} query:{}
info: DELETE:http://localhost:4000/boards/3676c6c1-d8dc-4423-b443-c10aa827f111 204 body:{} params:{"boardId":"3676c6c1-d8dc-4423-b443-c10aa827f111"} query:{}
error: GET:http://localhost:4000/boards/3676c6c1-d8dc-4423-b443-c10aa827f111 404 message:Board with id: 3676c6c1-d8dc-4423-b443-c10aa827f111 not found
info: GET:http://localhost:4000/boards/3676c6c1-d8dc-4423-b443-c10aa827f111 404 body:{} params:{"boardId":"3676c6c1-d8dc-4423-b443-c10aa827f111"} query:{}
info: POST:http://localhost:4000/boards 201 body:{"title":"Autotest board","columns":[{"title":"Backlog","order":1},{"title":"Sprint","order":2}]} params:{} query:{}
info: POST:http://localhost:4000/boards 201 body:{"title":"Autotest board","columns":[{"title":"Backlog","order":1},{"title":"Sprint","order":2}]} params:{} query:{}
info: POST:http://localhost:4000/boards/524d27ce-6075-4beb-870b-ee6a21ad983d/tasks 201 body:{"title":"Task #1","order":1,"description":"Lorem ipsum","boardId":"524d27ce-6075-4beb-870b-ee6a21ad983d","userId":null,"columnId":null} params:{"boardId":"524d27ce-6075-4beb-870b-ee6a21ad983d"} query:{}
info: POST:http://localhost:4000/boards/524d27ce-6075-4beb-870b-ee6a21ad983d/tasks 201 body:{"title":"Task #1","order":1,"description":"Lorem ipsum","boardId":"524d27ce-6075-4beb-870b-ee6a21ad983d","userId":null,"columnId":null} params:{"boardId":"524d27ce-6075-4beb-870b-ee6a21ad983d"} query:{}
info: POST:http://localhost:4000/boards/524d27ce-6075-4beb-870b-ee6a21ad983d/tasks 201 body:{"title":"Task #2","order":2,"description":"Lorem ipsum","boardId":"524d27ce-6075-4beb-870b-ee6a21ad983d","userId":null,"columnId":null} params:{"boardId":"524d27ce-6075-4beb-870b-ee6a21ad983d"} query:{}
info: POST:http://localhost:4000/boards/524d27ce-6075-4beb-870b-ee6a21ad983d/tasks 201 body:{"title":"Task #2","order":2,"description":"Lorem ipsum","boardId":"524d27ce-6075-4beb-870b-ee6a21ad983d","userId":null,"columnId":null} params:{"boardId":"524d27ce-6075-4beb-870b-ee6a21ad983d"} query:{}
info: POST:http://localhost:4000/boards/524d27ce-6075-4beb-870b-ee6a21ad983d/tasks 201 body:{"title":"Task #3","order":3,"description":"Lorem ipsum","boardId":"524d27ce-6075-4beb-870b-ee6a21ad983d","userId":null,"columnId":null} params:{"boardId":"524d27ce-6075-4beb-870b-ee6a21ad983d"} query:{}
info: POST:http://localhost:4000/boards/524d27ce-6075-4beb-870b-ee6a21ad983d/tasks 201 body:{"title":"Task #3","order":3,"description":"Lorem ipsum","boardId":"524d27ce-6075-4beb-870b-ee6a21ad983d","userId":null,"columnId":null} params:{"boardId":"524d27ce-6075-4beb-870b-ee6a21ad983d"} query:{}
info: POST:http://localhost:4000/boards/524d27ce-6075-4beb-870b-ee6a21ad983d/tasks 201 body:{"title":"Task #5","order":5,"description":"Lorem ipsum","boardId":"524d27ce-6075-4beb-870b-ee6a21ad983d","userId":null,"columnId":null} params:{"boardId":"524d27ce-6075-4beb-870b-ee6a21ad983d"} query:{}
info: POST:http://localhost:4000/boards/524d27ce-6075-4beb-870b-ee6a21ad983d/tasks 201 body:{"title":"Task #5","order":5,"description":"Lorem ipsum","boardId":"524d27ce-6075-4beb-870b-ee6a21ad983d","userId":null,"columnId":null} params:{"boardId":"524d27ce-6075-4beb-870b-ee6a21ad983d"} query:{}
info: POST:http://localhost:4000/boards/524d27ce-6075-4beb-870b-ee6a21ad983d/tasks 201 body:{"title":"Task #4","order":4,"description":"Lorem ipsum","boardId":"524d27ce-6075-4beb-870b-ee6a21ad983d","userId":null,"columnId":null} params:{"boardId":"524d27ce-6075-4beb-870b-ee6a21ad983d"} query:{}
info: POST:http://localhost:4000/boards/524d27ce-6075-4beb-870b-ee6a21ad983d/tasks 201 body:{"title":"Task #4","order":4,"description":"Lorem ipsum","boardId":"524d27ce-6075-4beb-870b-ee6a21ad983d","userId":null,"columnId":null} params:{"boardId":"524d27ce-6075-4beb-870b-ee6a21ad983d"} query:{}
info: GET:http://localhost:4000/boards/524d27ce-6075-4beb-870b-ee6a21ad983d/tasks/1ce4d476-267f-4220-9a73-61d49c21d6c5 200 body:{} params:{"boardId":"524d27ce-6075-4beb-870b-ee6a21ad983d","taskId":"1ce4d476-267f-4220-9a73-61d49c21d6c5"} query:{}
info: GET:http://localhost:4000/boards/524d27ce-6075-4beb-870b-ee6a21ad983d/tasks/e06dd66d-86bf-4fc8-865a-fe205890c944 200 body:{} params:{"boardId":"524d27ce-6075-4beb-870b-ee6a21ad983d","taskId":"e06dd66d-86bf-4fc8-865a-fe205890c944"} query:{}
info: GET:http://localhost:4000/boards/524d27ce-6075-4beb-870b-ee6a21ad983d/tasks/37ba8421-1a03-4207-94a0-8078851f1d02 200 body:{} params:{"boardId":"524d27ce-6075-4beb-870b-ee6a21ad983d","taskId":"37ba8421-1a03-4207-94a0-8078851f1d02"} query:{}
info: GET:http://localhost:4000/boards/524d27ce-6075-4beb-870b-ee6a21ad983d/tasks/dd3ac080-5eff-4797-b660-4581bfee7ee7 200 body:{} params:{"boardId":"524d27ce-6075-4beb-870b-ee6a21ad983d","taskId":"dd3ac080-5eff-4797-b660-4581bfee7ee7"} query:{}
info: GET:http://localhost:4000/boards/524d27ce-6075-4beb-870b-ee6a21ad983d/tasks/a431b2c9-66d8-4e01-8515-b4a6f50535cb 200 body:{} params:{"boardId":"524d27ce-6075-4beb-870b-ee6a21ad983d","taskId":"a431b2c9-66d8-4e01-8515-b4a6f50535cb"} query:{}
info: DELETE:http://localhost:4000/boards/524d27ce-6075-4beb-870b-ee6a21ad983d 204 body:{} params:{"boardId":"524d27ce-6075-4beb-870b-ee6a21ad983d"} query:{}
info: DELETE:http://localhost:4000/boards/524d27ce-6075-4beb-870b-ee6a21ad983d 204 body:{} params:{"boardId":"524d27ce-6075-4beb-870b-ee6a21ad983d"} query:{}
info: DELETE:http://localhost:4000/boards/524d27ce-6075-4beb-870b-ee6a21ad983d 204 body:{} params:{"boardId":"524d27ce-6075-4beb-870b-ee6a21ad983d"} query:{}
error: GET:http://localhost:4000/boards/524d27ce-6075-4beb-870b-ee6a21ad983d/tasks/1ce4d476-267f-4220-9a73-61d49c21d6c5 404 message:Task with id: 1ce4d476-267f-4220-9a73-61d49c21d6c5 not found
info: GET:http://localhost:4000/boards/524d27ce-6075-4beb-870b-ee6a21ad983d/tasks/1ce4d476-267f-4220-9a73-61d49c21d6c5 404 body:{} params:{"boardId":"524d27ce-6075-4beb-870b-ee6a21ad983d","taskId":"1ce4d476-267f-4220-9a73-61d49c21d6c5"} query:{}
error: GET:http://localhost:4000/boards/524d27ce-6075-4beb-870b-ee6a21ad983d/tasks/e06dd66d-86bf-4fc8-865a-fe205890c944 404 message:Task with id: e06dd66d-86bf-4fc8-865a-fe205890c944 not found
info: GET:http://localhost:4000/boards/524d27ce-6075-4beb-870b-ee6a21ad983d/tasks/e06dd66d-86bf-4fc8-865a-fe205890c944 404 body:{} params:{"boardId":"524d27ce-6075-4beb-870b-ee6a21ad983d","taskId":"e06dd66d-86bf-4fc8-865a-fe205890c944"} query:{}
error: GET:http://localhost:4000/boards/524d27ce-6075-4beb-870b-ee6a21ad983d/tasks/37ba8421-1a03-4207-94a0-8078851f1d02 404 message:Task with id: 37ba8421-1a03-4207-94a0-8078851f1d02 not found
info: GET:http://localhost:4000/boards/524d27ce-6075-4beb-870b-ee6a21ad983d/tasks/37ba8421-1a03-4207-94a0-8078851f1d02 404 body:{} params:{"boardId":"524d27ce-6075-4beb-870b-ee6a21ad983d","taskId":"37ba8421-1a03-4207-94a0-8078851f1d02"} query:{}
error: GET:http://localhost:4000/boards/524d27ce-6075-4beb-870b-ee6a21ad983d/tasks/a431b2c9-66d8-4e01-8515-b4a6f50535cb 404 message:Task with id: a431b2c9-66d8-4e01-8515-b4a6f50535cb not found
info: GET:http://localhost:4000/boards/524d27ce-6075-4beb-870b-ee6a21ad983d/tasks/a431b2c9-66d8-4e01-8515-b4a6f50535cb 404 body:{} params:{"boardId":"524d27ce-6075-4beb-870b-ee6a21ad983d","taskId":"a431b2c9-66d8-4e01-8515-b4a6f50535cb"} query:{}
error: GET:http://localhost:4000/boards/524d27ce-6075-4beb-870b-ee6a21ad983d/tasks/dd3ac080-5eff-4797-b660-4581bfee7ee7 404 message:Task with id: dd3ac080-5eff-4797-b660-4581bfee7ee7 not found
info: GET:http://localhost:4000/boards/524d27ce-6075-4beb-870b-ee6a21ad983d/tasks/dd3ac080-5eff-4797-b660-4581bfee7ee7 404 body:{} params:{"boardId":"524d27ce-6075-4beb-870b-ee6a21ad983d","taskId":"dd3ac080-5eff-4797-b660-4581bfee7ee7"} query:{}
info: DELETE:http://localhost:4000/boards/5234f85b-1e7c-4f03-af68-36e79f399028 204 body:{} params:{"boardId":"5234f85b-1e7c-4f03-af68-36e79f399028"} query:{}
info: DELETE:http://localhost:4000/boards/5234f85b-1e7c-4f03-af68-36e79f399028 204 body:{} params:{"boardId":"5234f85b-1e7c-4f03-af68-36e79f399028"} query:{}
info: DELETE:http://localhost:4000/boards/5234f85b-1e7c-4f03-af68-36e79f399028 204 body:{} params:{"boardId":"5234f85b-1e7c-4f03-af68-36e79f399028"} query:{}
info: POST:http://localhost:4000/boards 201 body:{"title":"Autotest board","columns":[{"title":"Backlog","order":1},{"title":"Sprint","order":2}]} params:{} query:{}
info: POST:http://localhost:4000/boards 201 body:{"title":"Autotest board","columns":[{"title":"Backlog","order":1},{"title":"Sprint","order":2}]} params:{} query:{}
info: POST:http://localhost:4000/boards/a8bd8795-e776-4a9f-a73e-c730442b4c07/tasks 201 body:{"title":"Autotest task","order":0,"description":"Lorem ipsum","userId":null,"boardId":null,"columnId":null} params:{"boardId":"a8bd8795-e776-4a9f-a73e-c730442b4c07"} query:{}
info: POST:http://localhost:4000/boards/a8bd8795-e776-4a9f-a73e-c730442b4c07/tasks 201 body:{"title":"Autotest task","order":0,"description":"Lorem ipsum","userId":null,"boardId":null,"columnId":null} params:{"boardId":"a8bd8795-e776-4a9f-a73e-c730442b4c07"} query:{}
info: GET:http://localhost:4000/boards/a8bd8795-e776-4a9f-a73e-c730442b4c07/tasks 200 body:{} params:{"boardId":"a8bd8795-e776-4a9f-a73e-c730442b4c07"} query:{}
info: GET:http://localhost:4000/boards/a8bd8795-e776-4a9f-a73e-c730442b4c07/tasks 200 body:{} params:{"boardId":"a8bd8795-e776-4a9f-a73e-c730442b4c07"} query:{}
info: GET:http://localhost:4000/boards/a8bd8795-e776-4a9f-a73e-c730442b4c07/tasks/9773bd27-6ef3-4862-8f49-f59870345130 200 body:{} params:{"boardId":"a8bd8795-e776-4a9f-a73e-c730442b4c07","taskId":"9773bd27-6ef3-4862-8f49-f59870345130"} query:{}
info: POST:http://localhost:4000/boards/a8bd8795-e776-4a9f-a73e-c730442b4c07/tasks 201 body:{"title":"Autotest task","order":0,"description":"Lorem ipsum","userId":null,"boardId":null,"columnId":null} params:{"boardId":"a8bd8795-e776-4a9f-a73e-c730442b4c07"} query:{}
info: POST:http://localhost:4000/boards/a8bd8795-e776-4a9f-a73e-c730442b4c07/tasks 201 body:{"title":"Autotest task","order":0,"description":"Lorem ipsum","userId":null,"boardId":null,"columnId":null} params:{"boardId":"a8bd8795-e776-4a9f-a73e-c730442b4c07"} query:{}
info: DELETE:http://localhost:4000/boards/a8bd8795-e776-4a9f-a73e-c730442b4c07/tasks/71122d2b-9e50-4fe9-aa3e-84c31adaa90a 204 body:{} params:{"boardId":"a8bd8795-e776-4a9f-a73e-c730442b4c07","taskId":"71122d2b-9e50-4fe9-aa3e-84c31adaa90a"} query:{}
info: DELETE:http://localhost:4000/boards/a8bd8795-e776-4a9f-a73e-c730442b4c07/tasks/71122d2b-9e50-4fe9-aa3e-84c31adaa90a 204 body:{} params:{"boardId":"a8bd8795-e776-4a9f-a73e-c730442b4c07","taskId":"71122d2b-9e50-4fe9-aa3e-84c31adaa90a"} query:{}
info: DELETE:http://localhost:4000/boards/a8bd8795-e776-4a9f-a73e-c730442b4c07/tasks/71122d2b-9e50-4fe9-aa3e-84c31adaa90a 204 body:{} params:{"boardId":"a8bd8795-e776-4a9f-a73e-c730442b4c07","taskId":"71122d2b-9e50-4fe9-aa3e-84c31adaa90a"} query:{}
info: POST:http://localhost:4000/boards/a8bd8795-e776-4a9f-a73e-c730442b4c07/tasks 201 body:{"title":"Autotest task","order":0,"description":"Lorem ipsum","userId":null,"boardId":null,"columnId":null} params:{"boardId":"a8bd8795-e776-4a9f-a73e-c730442b4c07"} query:{}
info: POST:http://localhost:4000/boards/a8bd8795-e776-4a9f-a73e-c730442b4c07/tasks 201 body:{"title":"Autotest task","order":0,"description":"Lorem ipsum","userId":null,"boardId":null,"columnId":null} params:{"boardId":"a8bd8795-e776-4a9f-a73e-c730442b4c07"} query:{}
info: PUT:http://localhost:4000/boards/a8bd8795-e776-4a9f-a73e-c730442b4c07/tasks/3dd0d97e-8d54-42f1-8367-8958b5d31485 200 body:{"id":"3dd0d97e-8d54-42f1-8367-8958b5d31485","title":"Autotest updated task","order":0,"description":"Lorem ipsum","userId":null,"boardId":"a8bd8795-e776-4a9f-a73e-c730442b4c07","columnId":null} params:{"boardId":"a8bd8795-e776-4a9f-a73e-c730442b4c07","taskId":"3dd0d97e-8d54-42f1-8367-8958b5d31485"} query:{}
info: PUT:http://localhost:4000/boards/a8bd8795-e776-4a9f-a73e-c730442b4c07/tasks/3dd0d97e-8d54-42f1-8367-8958b5d31485 200 body:{"id":"3dd0d97e-8d54-42f1-8367-8958b5d31485","title":"Autotest updated task","order":0,"description":"Lorem ipsum","userId":null,"boardId":"a8bd8795-e776-4a9f-a73e-c730442b4c07","columnId":null} params:{"boardId":"a8bd8795-e776-4a9f-a73e-c730442b4c07","taskId":"3dd0d97e-8d54-42f1-8367-8958b5d31485"} query:{}
info: GET:http://localhost:4000/boards/a8bd8795-e776-4a9f-a73e-c730442b4c07/tasks/3dd0d97e-8d54-42f1-8367-8958b5d31485 200 body:{} params:{"boardId":"a8bd8795-e776-4a9f-a73e-c730442b4c07","taskId":"3dd0d97e-8d54-42f1-8367-8958b5d31485"} query:{}
info: GET:http://localhost:4000/boards/a8bd8795-e776-4a9f-a73e-c730442b4c07/tasks/9773bd27-6ef3-4862-8f49-f59870345130 200 body:{} params:{"boardId":"a8bd8795-e776-4a9f-a73e-c730442b4c07","taskId":"9773bd27-6ef3-4862-8f49-f59870345130"} query:{}
info: DELETE:http://localhost:4000/boards/a8bd8795-e776-4a9f-a73e-c730442b4c07/tasks/9773bd27-6ef3-4862-8f49-f59870345130 204 body:{} params:{"boardId":"a8bd8795-e776-4a9f-a73e-c730442b4c07","taskId":"9773bd27-6ef3-4862-8f49-f59870345130"} query:{}
info: DELETE:http://localhost:4000/boards/a8bd8795-e776-4a9f-a73e-c730442b4c07/tasks/9773bd27-6ef3-4862-8f49-f59870345130 204 body:{} params:{"boardId":"a8bd8795-e776-4a9f-a73e-c730442b4c07","taskId":"9773bd27-6ef3-4862-8f49-f59870345130"} query:{}
info: DELETE:http://localhost:4000/boards/a8bd8795-e776-4a9f-a73e-c730442b4c07/tasks/9773bd27-6ef3-4862-8f49-f59870345130 204 body:{} params:{"boardId":"a8bd8795-e776-4a9f-a73e-c730442b4c07","taskId":"9773bd27-6ef3-4862-8f49-f59870345130"} query:{}
error: GET:http://localhost:4000/boards/a8bd8795-e776-4a9f-a73e-c730442b4c07/tasks/9773bd27-6ef3-4862-8f49-f59870345130 404 message:Task with id: 9773bd27-6ef3-4862-8f49-f59870345130 not found
info: GET:http://localhost:4000/boards/a8bd8795-e776-4a9f-a73e-c730442b4c07/tasks/9773bd27-6ef3-4862-8f49-f59870345130 404 body:{} params:{"boardId":"a8bd8795-e776-4a9f-a73e-c730442b4c07","taskId":"9773bd27-6ef3-4862-8f49-f59870345130"} query:{}
info: DELETE:http://localhost:4000/boards/a8bd8795-e776-4a9f-a73e-c730442b4c07 204 body:{} params:{"boardId":"a8bd8795-e776-4a9f-a73e-c730442b4c07"} query:{}
info: DELETE:http://localhost:4000/boards/a8bd8795-e776-4a9f-a73e-c730442b4c07 204 body:{} params:{"boardId":"a8bd8795-e776-4a9f-a73e-c730442b4c07"} query:{}
info: DELETE:http://localhost:4000/boards/a8bd8795-e776-4a9f-a73e-c730442b4c07 204 body:{} params:{"boardId":"a8bd8795-e776-4a9f-a73e-c730442b4c07"} query:{}
