GET:http://localhost:4000/users 200 body:{} params:{} query:{} 
GET:http://localhost:4000/users/2a75e554-793a-44af-a525-45522b007029 200 body:{} params:{"userId":"2a75e554-793a-44af-a525-45522b007029"} query:{} 
GET:http://localhost:4000/users/2a75e554-793a-44af-a525-45522b00702 500 body:{} params:{"userId":"2a75e554-793a-44af-a525-45522b00702"} query:{} 
GET:http://localhost:4000/users/2a75e554-793a-44af-a525-45522b007023 404 body:{} params:{"userId":"2a75e554-793a-44af-a525-45522b007023"} query:{} 
GET:http://localhost:4000/users/2a75e554-793a-44af-a525-45522b007023 404 body:{} params:{"userId":"2a75e554-793a-44af-a525-45522b007023"} query:{} 
GET:http://localhost:4000/users/2a75e554-793a-44af-a525-45522b007023 404 body:{} params:{"userId":"2a75e554-793a-44af-a525-45522b007023"} query:{} 
GET:http://localhost:4000/users/2a75e554-793a-44af-a525-45522b007025 404 body:{} params:{"userId":"2a75e554-793a-44af-a525-45522b007025"} query:{} 
POST:https://localhost/login 201 body:{"login":"admin","password":"admin"} params:{} query:{} 
POST:https://localhost/login 201 body:{"login":"admin","password":"admin"} params:{} query:{} 
POST:https://localhost/login 201 body:{"login":"admin","password":"admin"} params:{} query:{} 
POST:https://localhost/login 201 body:{"login":"admin","password":"admin"} params:{} query:{} 
POST:https://localhost/login 201 body:{"login":"admin","password":"admin"} params:{} query:{} 
POST:https://localhost/login 201 body:{"login":"admin","password":"admin"} params:{} query:{} 
POST:https://localhost/login 201 body:{"login":"admin","password":"admin"} params:{} query:{} 
POST:https://localhost/login 201 body:{"login":"admin","password":"admin"} params:{} query:{} 
GET:https://localhost/users 200 body:undefined params:undefined query:undefined 
GET:https://localhost/users 200 body:undefined params:undefined query:undefined 
GET:https://localhost/users 200 body:undefined params:undefined query:undefined 
GET:https://localhost/users 200 body:undefined params:undefined query:undefined 
GET:https://localhost/users 200 body:undefined params:undefined query:undefined 
GET:https://localhost/users 200 body:undefined params:undefined query:undefined 
GET:https://localhost/users 200 body:undefined params:undefined query:undefined 
GET:https://localhost/users 200 body:undefined params:undefined query:undefined 
GET:https://localhost/users 200 body:undefined params:undefined query:undefined 
GET:https://localhost/users 200 body:undefined params:undefined query:undefined 
GET:https://localhost/users 200 body:undefined params:undefined query:undefined 
POST:https://localhost/login 201 body:{"login":"admin","password":"admin"} params:{} query:{} 
GET:https://localhost/users 200 body:{} params:{} query:{} 
POST:https://localhost/login 201 body:{"login":"admin","password":"admin"} params:{} query:{} 
